---------------------------------------------------------------
[ 2018-09-06T22:03:44+08:00 ] 127.0.0.1 GET /admin/config/cleancache.html
[ info ] www.pishop.com/admin/config/cleancache.html [运行时间：1.104352s][吞吐率：0.91req/s] [内存消耗：1,709.75kb] [文件加载：54]
[ info ] [ BEHAVIOR ] Run pishop\behavior\InitHookBehavior @app_init [ RunTime:0.001071s ]
[ info ] [ LANG ] C:\phpStudy\PHPTutorial\WWW\pishop\framework\thinkphp\lang\zh-cn.php
[ info ] [ ROUTE ] array (
  'type' => 'module',
  'module' => 
  array (
    0 => 'admin',
    1 => 'config',
    2 => 'cleancache',
  ),
)
[ info ] [ HEADER ] array (
  'cookie' => 'thinkphp_show_page_trace=0|0; Hm_lvt_b393d153aeb26b46e9431fabaf0f6190=1535433703,1536029218,1536044800,1536060987; PHPSESSID=s71r54qrkahvbgjfittkutt1t3; thinkphp_show_page_trace=0|0',
  'accept-language' => 'zh-CN,zh;q=0.9',
  'accept-encoding' => 'gzip, deflate',
  'referer' => 'http://www.pishop.com/admin/index/index.html',
  'user-agent' => 'Mozilla/5.0 (Windows NT 10.0; WOW64) AppleWebKit/537.36 (KHTML, like Gecko) Chrome/67.0.3396.99 Safari/537.36',
  'x-requested-with' => 'XMLHttpRequest',
  'accept' => '*/*',
  'connection' => 'close',
  'host' => 'www.pishop.com',
)
[ info ] [ PARAM ] array (
)
[ info ] [ SESSION ] INIT array (
  'id' => '',
  'var_session_id' => '',
  'prefix' => 'think',
  'type' => '',
  'auto_start' => true,
)
[ info ] [ RUN ] app\admin\controller\Config->cleanCache[ C:\phpStudy\PHPTutorial\WWW\pishop\app\admin\controller\Config.php ]
[ info ] [ CACHE ] INIT File
[ info ] [ LOG ] INIT File
---------------------------------------------------------------
[ 2018-09-06T22:03:48+08:00 ] 127.0.0.1 GET /admin/index/welcome.html
[ info ] www.pishop.com/admin/index/welcome.html [运行时间：0.127834s][吞吐率：7.82req/s] [内存消耗：2,604.01kb] [文件加载：63]
[ info ] [ BEHAVIOR ] Run pishop\behavior\InitHookBehavior @app_init [ RunTime:0.001147s ]
[ info ] [ LANG ] C:\phpStudy\PHPTutorial\WWW\pishop\framework\thinkphp\lang\zh-cn.php
[ info ] [ ROUTE ] array (
  'type' => 'module',
  'module' => 
  array (
    0 => 'admin',
    1 => 'index',
    2 => 'welcome',
  ),
)
[ info ] [ HEADER ] array (
  'cookie' => 'thinkphp_show_page_trace=1|4; Hm_lvt_b393d153aeb26b46e9431fabaf0f6190=1535433703,1536029218,1536044800,1536060987; PHPSESSID=s71r54qrkahvbgjfittkutt1t3; thinkphp_show_page_trace=0|0',
  'accept-language' => 'zh-CN,zh;q=0.9',
  'accept-encoding' => 'gzip, deflate',
  'referer' => 'http://www.pishop.com/admin/index/index.html',
  'accept' => 'text/html,application/xhtml+xml,application/xml;q=0.9,image/webp,image/apng,*/*;q=0.8',
  'user-agent' => 'Mozilla/5.0 (Windows NT 10.0; WOW64) AppleWebKit/537.36 (KHTML, like Gecko) Chrome/67.0.3396.99 Safari/537.36',
  'upgrade-insecure-requests' => '1',
  'cache-control' => 'max-age=0',
  'connection' => 'close',
  'host' => 'www.pishop.com',
)
[ info ] [ PARAM ] array (
)
[ info ] [ SESSION ] INIT array (
  'id' => '',
  'var_session_id' => '',
  'prefix' => 'think',
  'type' => '',
  'auto_start' => true,
)
[ info ] [ RUN ] app\admin\controller\Index->welcome[ C:\phpStudy\PHPTutorial\WWW\pishop\app\admin\controller\Index.php ]
[ info ] [ DB ] INIT mysql
[ info ] [ CACHE ] INIT File
[ info ] [ VIEW ] C:\phpStudy\PHPTutorial\WWW\pishop/./app/admin\view\index\welcome.html [ array (
  0 => 'sys_info',
  1 => 'countData',
) ]
[ info ] [ LOG ] INIT File
[ sql ] [ DB ] CONNECT:[ UseTime:0.011578s ] mysql:host=127.0.0.1;port=3306;dbname=pishop;charset=utf8mb4
[ sql ] [ SQL ] SHOW COLUMNS FROM `pishop_article` [ RunTime:0.010605s ]
[ sql ] [ SQL ] SELECT COUNT(*) AS tp_count FROM `pishop_article` WHERE  `delete_time` IS NULL LIMIT 1 [ RunTime:0.000610s ]
[ sql ] [ SQL ] select VERSION() as version [ RunTime:0.000476s ]
---------------------------------------------------------------
[ 2018-09-06T22:03:48+08:00 ] 127.0.0.1 GET /admin/test/index.html?v=v1.0.180828&callback=jQuery331017030914036490263_1536242628671&_=1536242628672
[ info ] www.pishop.com/admin/test/index.html?v=v1.0.180828&callback=jQuery331017030914036490263_1536242628671&_=1536242628672 [运行时间：0.057286s][吞吐率：17.46req/s] [内存消耗：1,610.71kb] [文件加载：49]
[ info ] [ BEHAVIOR ] Run pishop\behavior\InitHookBehavior @app_init [ RunTime:0.000985s ]
[ info ] [ LANG ] C:\phpStudy\PHPTutorial\WWW\pishop\framework\thinkphp\lang\zh-cn.php
[ info ] [ ROUTE ] array (
  'type' => 'module',
  'module' => 
  array (
    0 => 'admin',
    1 => 'test',
    2 => 'index',
  ),
)
[ info ] [ HEADER ] array (
  'cookie' => 'Hm_lvt_b393d153aeb26b46e9431fabaf0f6190=1535433703,1536029218,1536044800,1536060987; PHPSESSID=s71r54qrkahvbgjfittkutt1t3; thinkphp_show_page_trace=0|0',
  'accept-language' => 'zh-CN,zh;q=0.9',
  'accept-encoding' => 'gzip, deflate',
  'referer' => 'http://www.pishop.com/admin/index/welcome.html',
  'user-agent' => 'Mozilla/5.0 (Windows NT 10.0; WOW64) AppleWebKit/537.36 (KHTML, like Gecko) Chrome/67.0.3396.99 Safari/537.36',
  'x-requested-with' => 'XMLHttpRequest',
  'accept' => 'text/javascript, application/javascript, application/ecmascript, application/x-ecmascript, */*; q=0.01',
  'connection' => 'close',
  'host' => 'www.pishop.com',
)
[ info ] [ PARAM ] array (
  'v' => 'v1.0.180828',
  'callback' => 'jQuery331017030914036490263_1536242628671',
  '_' => '1536242628672',
)
[ info ] [ SESSION ] INIT array (
  'id' => '',
  'var_session_id' => '',
  'prefix' => 'think',
  'type' => '',
  'auto_start' => true,
)
[ info ] [ RUN ] app\admin\controller\Test->index[ C:\phpStudy\PHPTutorial\WWW\pishop\app\admin\controller\Test.php ]
[ info ] [ LOG ] INIT File
---------------------------------------------------------------
[ 2018-09-06T22:03:57+08:00 ] 127.0.0.1 GET /admin/article/index.html
[ info ] www.pishop.com/admin/article/index.html [运行时间：0.114096s][吞吐率：8.76req/s] [内存消耗：1,896.28kb] [文件加载：56]
[ info ] [ BEHAVIOR ] Run pishop\behavior\InitHookBehavior @app_init [ RunTime:0.001342s ]
[ info ] [ LANG ] C:\phpStudy\PHPTutorial\WWW\pishop\framework\thinkphp\lang\zh-cn.php
[ info ] [ ROUTE ] array (
  'type' => 'module',
  'module' => 
  array (
    0 => 'admin',
    1 => 'article',
    2 => 'index',
  ),
)
[ info ] [ HEADER ] array (
  'cookie' => 'thinkphp_show_page_trace=0|4; Hm_lvt_b393d153aeb26b46e9431fabaf0f6190=1535433703,1536029218,1536044800,1536060987; PHPSESSID=s71r54qrkahvbgjfittkutt1t3; thinkphp_show_page_trace=0|0',
  'accept-language' => 'zh-CN,zh;q=0.9',
  'accept-encoding' => 'gzip, deflate',
  'referer' => 'http://www.pishop.com/admin/index/index.html',
  'accept' => 'text/html,application/xhtml+xml,application/xml;q=0.9,image/webp,image/apng,*/*;q=0.8',
  'user-agent' => 'Mozilla/5.0 (Windows NT 10.0; WOW64) AppleWebKit/537.36 (KHTML, like Gecko) Chrome/67.0.3396.99 Safari/537.36',
  'upgrade-insecure-requests' => '1',
  'connection' => 'close',
  'host' => 'www.pishop.com',
)
[ info ] [ PARAM ] array (
)
[ info ] [ SESSION ] INIT array (
  'id' => '',
  'var_session_id' => '',
  'prefix' => 'think',
  'type' => '',
  'auto_start' => true,
)
[ info ] [ RUN ] app\admin\controller\Article->index[ C:\phpStudy\PHPTutorial\WWW\pishop\app\admin\controller\Article.php ]
[ info ] [ VIEW ] C:\phpStudy\PHPTutorial\WWW\pishop/./app/admin\view\article\index.html [ array (
) ]
[ info ] [ LOG ] INIT File
---------------------------------------------------------------
[ 2018-09-06T22:03:58+08:00 ] 127.0.0.1 GET /admin/article/index.html?page=1&limit=10
[ info ] www.pishop.com/admin/article/index.html?page=1&limit=10 [运行时间：0.085014s][吞吐率：11.76req/s] [内存消耗：2,501.86kb] [文件加载：61]
[ info ] [ BEHAVIOR ] Run pishop\behavior\InitHookBehavior @app_init [ RunTime:0.001103s ]
[ info ] [ LANG ] C:\phpStudy\PHPTutorial\WWW\pishop\framework\thinkphp\lang\zh-cn.php
[ info ] [ ROUTE ] array (
  'type' => 'module',
  'module' => 
  array (
    0 => 'admin',
    1 => 'article',
    2 => 'index',
  ),
)
[ info ] [ HEADER ] array (
  'cookie' => 'thinkphp_show_page_trace=0|4; Hm_lvt_b393d153aeb26b46e9431fabaf0f6190=1535433703,1536029218,1536044800,1536060987; PHPSESSID=s71r54qrkahvbgjfittkutt1t3; thinkphp_show_page_trace=0|0',
  'accept-language' => 'zh-CN,zh;q=0.9',
  'accept-encoding' => 'gzip, deflate',
  'referer' => 'http://www.pishop.com/admin/article/index.html',
  'user-agent' => 'Mozilla/5.0 (Windows NT 10.0; WOW64) AppleWebKit/537.36 (KHTML, like Gecko) Chrome/67.0.3396.99 Safari/537.36',
  'x-requested-with' => 'XMLHttpRequest',
  'accept' => 'application/json, text/javascript, */*; q=0.01',
  'connection' => 'close',
  'host' => 'www.pishop.com',
)
[ info ] [ PARAM ] array (
  'page' => '1',
  'limit' => '10',
)
[ info ] [ SESSION ] INIT array (
  'id' => '',
  'var_session_id' => '',
  'prefix' => 'think',
  'type' => '',
  'auto_start' => true,
)
[ info ] [ RUN ] app\admin\controller\Article->index[ C:\phpStudy\PHPTutorial\WWW\pishop\app\admin\controller\Article.php ]
[ info ] [ DB ] INIT mysql
[ info ] [ LOG ] INIT File
[ sql ] [ DB ] CONNECT:[ UseTime:0.001473s ] mysql:host=127.0.0.1;port=3306;dbname=pishop;charset=utf8mb4
[ sql ] [ SQL ] SHOW COLUMNS FROM `pishop_article` [ RunTime:0.009620s ]
[ sql ] [ SQL ] SELECT COUNT(*) AS tp_count FROM `pishop_article` `t1` INNER JOIN `pishop_article_cate` `t2` ON `t1`.`cate_id`=`t2`.`cate_id` WHERE  `delete_time` IS NULL LIMIT 1 [ RunTime:0.000673s ]
[ sql ] [ SQL ] SELECT `t1`.*,`t2`.`cate_name` FROM `pishop_article` `t1` INNER JOIN `pishop_article_cate` `t2` ON `t1`.`cate_id`=`t2`.`cate_id` WHERE  `delete_time` IS NULL ORDER BY `t1`.`article_id` DESC LIMIT 0,10 [ RunTime:0.001100s ]
---------------------------------------------------------------
[ 2018-09-06T22:04:01+08:00 ] 127.0.0.1 GET /admin/article/index.html?page=4&limit=10
[ info ] www.pishop.com/admin/article/index.html?page=4&limit=10 [运行时间：0.106406s][吞吐率：9.40req/s] [内存消耗：2,491.59kb] [文件加载：61]
[ info ] [ BEHAVIOR ] Run pishop\behavior\InitHookBehavior @app_init [ RunTime:0.000995s ]
[ info ] [ LANG ] C:\phpStudy\PHPTutorial\WWW\pishop\framework\thinkphp\lang\zh-cn.php
[ info ] [ ROUTE ] array (
  'type' => 'module',
  'module' => 
  array (
    0 => 'admin',
    1 => 'article',
    2 => 'index',
  ),
)
[ info ] [ HEADER ] array (
  'cookie' => 'thinkphp_show_page_trace=0|4; Hm_lvt_b393d153aeb26b46e9431fabaf0f6190=1535433703,1536029218,1536044800,1536060987; PHPSESSID=s71r54qrkahvbgjfittkutt1t3; thinkphp_show_page_trace=0|0',
  'accept-language' => 'zh-CN,zh;q=0.9',
  'accept-encoding' => 'gzip, deflate',
  'referer' => 'http://www.pishop.com/admin/article/index.html',
  'user-agent' => 'Mozilla/5.0 (Windows NT 10.0; WOW64) AppleWebKit/537.36 (KHTML, like Gecko) Chrome/67.0.3396.99 Safari/537.36',
  'x-requested-with' => 'XMLHttpRequest',
  'accept' => 'application/json, text/javascript, */*; q=0.01',
  'connection' => 'close',
  'host' => 'www.pishop.com',
)
[ info ] [ PARAM ] array (
  'page' => '4',
  'limit' => '10',
)
[ info ] [ SESSION ] INIT array (
  'id' => '',
  'var_session_id' => '',
  'prefix' => 'think',
  'type' => '',
  'auto_start' => true,
)
[ info ] [ RUN ] app\admin\controller\Article->index[ C:\phpStudy\PHPTutorial\WWW\pishop\app\admin\controller\Article.php ]
[ info ] [ DB ] INIT mysql
[ info ] [ LOG ] INIT File
[ sql ] [ DB ] CONNECT:[ UseTime:0.001449s ] mysql:host=127.0.0.1;port=3306;dbname=pishop;charset=utf8mb4
[ sql ] [ SQL ] SHOW COLUMNS FROM `pishop_article` [ RunTime:0.010556s ]
[ sql ] [ SQL ] SELECT COUNT(*) AS tp_count FROM `pishop_article` `t1` INNER JOIN `pishop_article_cate` `t2` ON `t1`.`cate_id`=`t2`.`cate_id` WHERE  `delete_time` IS NULL LIMIT 1 [ RunTime:0.000707s ]
[ sql ] [ SQL ] SELECT `t1`.*,`t2`.`cate_name` FROM `pishop_article` `t1` INNER JOIN `pishop_article_cate` `t2` ON `t1`.`cate_id`=`t2`.`cate_id` WHERE  `delete_time` IS NULL ORDER BY `t1`.`article_id` DESC LIMIT 30,10 [ RunTime:0.001168s ]
---------------------------------------------------------------
[ 2018-09-06T22:04:03+08:00 ] 127.0.0.1 GET /admin/article/index.html?page=3&limit=10
[ info ] www.pishop.com/admin/article/index.html?page=3&limit=10 [运行时间：0.104328s][吞吐率：9.59req/s] [内存消耗：2,499.47kb] [文件加载：61]
[ info ] [ BEHAVIOR ] Run pishop\behavior\InitHookBehavior @app_init [ RunTime:0.001216s ]
[ info ] [ LANG ] C:\phpStudy\PHPTutorial\WWW\pishop\framework\thinkphp\lang\zh-cn.php
[ info ] [ ROUTE ] array (
  'type' => 'module',
  'module' => 
  array (
    0 => 'admin',
    1 => 'article',
    2 => 'index',
  ),
)
[ info ] [ HEADER ] array (
  'cookie' => 'thinkphp_show_page_trace=0|4; Hm_lvt_b393d153aeb26b46e9431fabaf0f6190=1535433703,1536029218,1536044800,1536060987; PHPSESSID=s71r54qrkahvbgjfittkutt1t3; thinkphp_show_page_trace=0|0',
  'accept-language' => 'zh-CN,zh;q=0.9',
  'accept-encoding' => 'gzip, deflate',
  'referer' => 'http://www.pishop.com/admin/article/index.html',
  'user-agent' => 'Mozilla/5.0 (Windows NT 10.0; WOW64) AppleWebKit/537.36 (KHTML, like Gecko) Chrome/67.0.3396.99 Safari/537.36',
  'x-requested-with' => 'XMLHttpRequest',
  'accept' => 'application/json, text/javascript, */*; q=0.01',
  'connection' => 'close',
  'host' => 'www.pishop.com',
)
[ info ] [ PARAM ] array (
  'page' => '3',
  'limit' => '10',
)
[ info ] [ SESSION ] INIT array (
  'id' => '',
  'var_session_id' => '',
  'prefix' => 'think',
  'type' => '',
  'auto_start' => true,
)
[ info ] [ RUN ] app\admin\controller\Article->index[ C:\phpStudy\PHPTutorial\WWW\pishop\app\admin\controller\Article.php ]
[ info ] [ DB ] INIT mysql
[ info ] [ LOG ] INIT File
[ sql ] [ DB ] CONNECT:[ UseTime:0.010776s ] mysql:host=127.0.0.1;port=3306;dbname=pishop;charset=utf8mb4
[ sql ] [ SQL ] SHOW COLUMNS FROM `pishop_article` [ RunTime:0.009860s ]
[ sql ] [ SQL ] SELECT COUNT(*) AS tp_count FROM `pishop_article` `t1` INNER JOIN `pishop_article_cate` `t2` ON `t1`.`cate_id`=`t2`.`cate_id` WHERE  `delete_time` IS NULL LIMIT 1 [ RunTime:0.000783s ]
[ sql ] [ SQL ] SELECT `t1`.*,`t2`.`cate_name` FROM `pishop_article` `t1` INNER JOIN `pishop_article_cate` `t2` ON `t1`.`cate_id`=`t2`.`cate_id` WHERE  `delete_time` IS NULL ORDER BY `t1`.`article_id` DESC LIMIT 20,10 [ RunTime:0.001469s ]
---------------------------------------------------------------
[ 2018-09-06T22:04:06+08:00 ] 127.0.0.1 GET /admin/article/index.html?page=1&limit=10
[ info ] www.pishop.com/admin/article/index.html?page=1&limit=10 [运行时间：0.109098s][吞吐率：9.17req/s] [内存消耗：2,501.86kb] [文件加载：61]
[ info ] [ BEHAVIOR ] Run pishop\behavior\InitHookBehavior @app_init [ RunTime:0.000615s ]
[ info ] [ LANG ] C:\phpStudy\PHPTutorial\WWW\pishop\framework\thinkphp\lang\zh-cn.php
[ info ] [ ROUTE ] array (
  'type' => 'module',
  'module' => 
  array (
    0 => 'admin',
    1 => 'article',
    2 => 'index',
  ),
)
[ info ] [ HEADER ] array (
  'cookie' => 'thinkphp_show_page_trace=0|4; Hm_lvt_b393d153aeb26b46e9431fabaf0f6190=1535433703,1536029218,1536044800,1536060987; PHPSESSID=s71r54qrkahvbgjfittkutt1t3; thinkphp_show_page_trace=0|0',
  'accept-language' => 'zh-CN,zh;q=0.9',
  'accept-encoding' => 'gzip, deflate',
  'referer' => 'http://www.pishop.com/admin/article/index.html',
  'user-agent' => 'Mozilla/5.0 (Windows NT 10.0; WOW64) AppleWebKit/537.36 (KHTML, like Gecko) Chrome/67.0.3396.99 Safari/537.36',
  'x-requested-with' => 'XMLHttpRequest',
  'accept' => 'application/json, text/javascript, */*; q=0.01',
  'connection' => 'close',
  'host' => 'www.pishop.com',
)
[ info ] [ PARAM ] array (
  'page' => '1',
  'limit' => '10',
)
[ info ] [ SESSION ] INIT array (
  'id' => '',
  'var_session_id' => '',
  'prefix' => 'think',
  'type' => '',
  'auto_start' => true,
)
[ info ] [ RUN ] app\admin\controller\Article->index[ C:\phpStudy\PHPTutorial\WWW\pishop\app\admin\controller\Article.php ]
[ info ] [ DB ] INIT mysql
[ info ] [ LOG ] INIT File
[ sql ] [ DB ] CONNECT:[ UseTime:0.016871s ] mysql:host=127.0.0.1;port=3306;dbname=pishop;charset=utf8mb4
[ sql ] [ SQL ] SHOW COLUMNS FROM `pishop_article` [ RunTime:0.009328s ]
[ sql ] [ SQL ] SELECT COUNT(*) AS tp_count FROM `pishop_article` `t1` INNER JOIN `pishop_article_cate` `t2` ON `t1`.`cate_id`=`t2`.`cate_id` WHERE  `delete_time` IS NULL LIMIT 1 [ RunTime:0.000713s ]
[ sql ] [ SQL ] SELECT `t1`.*,`t2`.`cate_name` FROM `pishop_article` `t1` INNER JOIN `pishop_article_cate` `t2` ON `t1`.`cate_id`=`t2`.`cate_id` WHERE  `delete_time` IS NULL ORDER BY `t1`.`article_id` DESC LIMIT 0,10 [ RunTime:0.001002s ]
---------------------------------------------------------------
[ 2018-09-06T22:04:07+08:00 ] 127.0.0.1 GET /admin/article/index.html?page=2&limit=10
[ info ] www.pishop.com/admin/article/index.html?page=2&limit=10 [运行时间：0.156104s][吞吐率：6.41req/s] [内存消耗：2,503.24kb] [文件加载：61]
[ info ] [ BEHAVIOR ] Run pishop\behavior\InitHookBehavior @app_init [ RunTime:0.001646s ]
[ info ] [ LANG ] C:\phpStudy\PHPTutorial\WWW\pishop\framework\thinkphp\lang\zh-cn.php
[ info ] [ ROUTE ] array (
  'type' => 'module',
  'module' => 
  array (
    0 => 'admin',
    1 => 'article',
    2 => 'index',
  ),
)
[ info ] [ HEADER ] array (
  'cookie' => 'thinkphp_show_page_trace=0|4; Hm_lvt_b393d153aeb26b46e9431fabaf0f6190=1535433703,1536029218,1536044800,1536060987; PHPSESSID=s71r54qrkahvbgjfittkutt1t3; thinkphp_show_page_trace=0|0',
  'accept-language' => 'zh-CN,zh;q=0.9',
  'accept-encoding' => 'gzip, deflate',
  'referer' => 'http://www.pishop.com/admin/article/index.html',
  'user-agent' => 'Mozilla/5.0 (Windows NT 10.0; WOW64) AppleWebKit/537.36 (KHTML, like Gecko) Chrome/67.0.3396.99 Safari/537.36',
  'x-requested-with' => 'XMLHttpRequest',
  'accept' => 'application/json, text/javascript, */*; q=0.01',
  'connection' => 'close',
  'host' => 'www.pishop.com',
)
[ info ] [ PARAM ] array (
  'page' => '2',
  'limit' => '10',
)
[ info ] [ SESSION ] INIT array (
  'id' => '',
  'var_session_id' => '',
  'prefix' => 'think',
  'type' => '',
  'auto_start' => true,
)
[ info ] [ RUN ] app\admin\controller\Article->index[ C:\phpStudy\PHPTutorial\WWW\pishop\app\admin\controller\Article.php ]
[ info ] [ DB ] INIT mysql
[ info ] [ LOG ] INIT File
[ sql ] [ DB ] CONNECT:[ UseTime:0.012007s ] mysql:host=127.0.0.1;port=3306;dbname=pishop;charset=utf8mb4
[ sql ] [ SQL ] SHOW COLUMNS FROM `pishop_article` [ RunTime:0.031489s ]
[ sql ] [ SQL ] SELECT COUNT(*) AS tp_count FROM `pishop_article` `t1` INNER JOIN `pishop_article_cate` `t2` ON `t1`.`cate_id`=`t2`.`cate_id` WHERE  `delete_time` IS NULL LIMIT 1 [ RunTime:0.002082s ]
[ sql ] [ SQL ] SELECT `t1`.*,`t2`.`cate_name` FROM `pishop_article` `t1` INNER JOIN `pishop_article_cate` `t2` ON `t1`.`cate_id`=`t2`.`cate_id` WHERE  `delete_time` IS NULL ORDER BY `t1`.`article_id` DESC LIMIT 10,10 [ RunTime:0.003767s ]
---------------------------------------------------------------
[ 2018-09-06T22:04:07+08:00 ] 127.0.0.1 GET /admin/article/index.html?page=3&limit=10
[ info ] www.pishop.com/admin/article/index.html?page=3&limit=10 [运行时间：0.131750s][吞吐率：7.59req/s] [内存消耗：2,499.47kb] [文件加载：61]
[ info ] [ BEHAVIOR ] Run pishop\behavior\InitHookBehavior @app_init [ RunTime:0.001033s ]
[ info ] [ LANG ] C:\phpStudy\PHPTutorial\WWW\pishop\framework\thinkphp\lang\zh-cn.php
[ info ] [ ROUTE ] array (
  'type' => 'module',
  'module' => 
  array (
    0 => 'admin',
    1 => 'article',
    2 => 'index',
  ),
)
[ info ] [ HEADER ] array (
  'cookie' => 'thinkphp_show_page_trace=0|4; Hm_lvt_b393d153aeb26b46e9431fabaf0f6190=1535433703,1536029218,1536044800,1536060987; PHPSESSID=s71r54qrkahvbgjfittkutt1t3; thinkphp_show_page_trace=0|0',
  'accept-language' => 'zh-CN,zh;q=0.9',
  'accept-encoding' => 'gzip, deflate',
  'referer' => 'http://www.pishop.com/admin/article/index.html',
  'user-agent' => 'Mozilla/5.0 (Windows NT 10.0; WOW64) AppleWebKit/537.36 (KHTML, like Gecko) Chrome/67.0.3396.99 Safari/537.36',
  'x-requested-with' => 'XMLHttpRequest',
  'accept' => 'application/json, text/javascript, */*; q=0.01',
  'connection' => 'close',
  'host' => 'www.pishop.com',
)
[ info ] [ PARAM ] array (
  'page' => '3',
  'limit' => '10',
)
[ info ] [ SESSION ] INIT array (
  'id' => '',
  'var_session_id' => '',
  'prefix' => 'think',
  'type' => '',
  'auto_start' => true,
)
[ info ] [ RUN ] app\admin\controller\Article->index[ C:\phpStudy\PHPTutorial\WWW\pishop\app\admin\controller\Article.php ]
[ info ] [ DB ] INIT mysql
[ info ] [ LOG ] INIT File
[ sql ] [ DB ] CONNECT:[ UseTime:0.015803s ] mysql:host=127.0.0.1;port=3306;dbname=pishop;charset=utf8mb4
[ sql ] [ SQL ] SHOW COLUMNS FROM `pishop_article` [ RunTime:0.034838s ]
[ sql ] [ SQL ] SELECT COUNT(*) AS tp_count FROM `pishop_article` `t1` INNER JOIN `pishop_article_cate` `t2` ON `t1`.`cate_id`=`t2`.`cate_id` WHERE  `delete_time` IS NULL LIMIT 1 [ RunTime:0.000721s ]
[ sql ] [ SQL ] SELECT `t1`.*,`t2`.`cate_name` FROM `pishop_article` `t1` INNER JOIN `pishop_article_cate` `t2` ON `t1`.`cate_id`=`t2`.`cate_id` WHERE  `delete_time` IS NULL ORDER BY `t1`.`article_id` DESC LIMIT 20,10 [ RunTime:0.001407s ]
---------------------------------------------------------------
[ 2018-09-06T22:04:08+08:00 ] 127.0.0.1 GET /admin/article/index.html?page=4&limit=10
[ info ] www.pishop.com/admin/article/index.html?page=4&limit=10 [运行时间：0.099534s][吞吐率：10.05req/s] [内存消耗：2,491.59kb] [文件加载：61]
[ info ] [ BEHAVIOR ] Run pishop\behavior\InitHookBehavior @app_init [ RunTime:0.001527s ]
[ info ] [ LANG ] C:\phpStudy\PHPTutorial\WWW\pishop\framework\thinkphp\lang\zh-cn.php
[ info ] [ ROUTE ] array (
  'type' => 'module',
  'module' => 
  array (
    0 => 'admin',
    1 => 'article',
    2 => 'index',
  ),
)
[ info ] [ HEADER ] array (
  'cookie' => 'thinkphp_show_page_trace=0|4; Hm_lvt_b393d153aeb26b46e9431fabaf0f6190=1535433703,1536029218,1536044800,1536060987; PHPSESSID=s71r54qrkahvbgjfittkutt1t3; thinkphp_show_page_trace=0|0',
  'accept-language' => 'zh-CN,zh;q=0.9',
  'accept-encoding' => 'gzip, deflate',
  'referer' => 'http://www.pishop.com/admin/article/index.html',
  'user-agent' => 'Mozilla/5.0 (Windows NT 10.0; WOW64) AppleWebKit/537.36 (KHTML, like Gecko) Chrome/67.0.3396.99 Safari/537.36',
  'x-requested-with' => 'XMLHttpRequest',
  'accept' => 'application/json, text/javascript, */*; q=0.01',
  'connection' => 'close',
  'host' => 'www.pishop.com',
)
[ info ] [ PARAM ] array (
  'page' => '4',
  'limit' => '10',
)
[ info ] [ SESSION ] INIT array (
  'id' => '',
  'var_session_id' => '',
  'prefix' => 'think',
  'type' => '',
  'auto_start' => true,
)
[ info ] [ RUN ] app\admin\controller\Article->index[ C:\phpStudy\PHPTutorial\WWW\pishop\app\admin\controller\Article.php ]
[ info ] [ DB ] INIT mysql
[ info ] [ LOG ] INIT File
[ sql ] [ DB ] CONNECT:[ UseTime:0.001797s ] mysql:host=127.0.0.1;port=3306;dbname=pishop;charset=utf8mb4
[ sql ] [ SQL ] SHOW COLUMNS FROM `pishop_article` [ RunTime:0.010368s ]
[ sql ] [ SQL ] SELECT COUNT(*) AS tp_count FROM `pishop_article` `t1` INNER JOIN `pishop_article_cate` `t2` ON `t1`.`cate_id`=`t2`.`cate_id` WHERE  `delete_time` IS NULL LIMIT 1 [ RunTime:0.000834s ]
[ sql ] [ SQL ] SELECT `t1`.*,`t2`.`cate_name` FROM `pishop_article` `t1` INNER JOIN `pishop_article_cate` `t2` ON `t1`.`cate_id`=`t2`.`cate_id` WHERE  `delete_time` IS NULL ORDER BY `t1`.`article_id` DESC LIMIT 30,10 [ RunTime:0.001569s ]
---------------------------------------------------------------
[ 2018-09-06T22:04:10+08:00 ] 127.0.0.1 GET /admin/article/index.html?page=1&limit=10
[ info ] www.pishop.com/admin/article/index.html?page=1&limit=10 [运行时间：0.086837s][吞吐率：11.52req/s] [内存消耗：2,501.86kb] [文件加载：61]
[ info ] [ BEHAVIOR ] Run pishop\behavior\InitHookBehavior @app_init [ RunTime:0.001421s ]
[ info ] [ LANG ] C:\phpStudy\PHPTutorial\WWW\pishop\framework\thinkphp\lang\zh-cn.php
[ info ] [ ROUTE ] array (
  'type' => 'module',
  'module' => 
  array (
    0 => 'admin',
    1 => 'article',
    2 => 'index',
  ),
)
[ info ] [ HEADER ] array (
  'cookie' => 'thinkphp_show_page_trace=0|4; Hm_lvt_b393d153aeb26b46e9431fabaf0f6190=1535433703,1536029218,1536044800,1536060987; PHPSESSID=s71r54qrkahvbgjfittkutt1t3; thinkphp_show_page_trace=0|0',
  'accept-language' => 'zh-CN,zh;q=0.9',
  'accept-encoding' => 'gzip, deflate',
  'referer' => 'http://www.pishop.com/admin/article/index.html',
  'user-agent' => 'Mozilla/5.0 (Windows NT 10.0; WOW64) AppleWebKit/537.36 (KHTML, like Gecko) Chrome/67.0.3396.99 Safari/537.36',
  'x-requested-with' => 'XMLHttpRequest',
  'accept' => 'application/json, text/javascript, */*; q=0.01',
  'connection' => 'close',
  'host' => 'www.pishop.com',
)
[ info ] [ PARAM ] array (
  'page' => '1',
  'limit' => '10',
)
[ info ] [ SESSION ] INIT array (
  'id' => '',
  'var_session_id' => '',
  'prefix' => 'think',
  'type' => '',
  'auto_start' => true,
)
[ info ] [ RUN ] app\admin\controller\Article->index[ C:\phpStudy\PHPTutorial\WWW\pishop\app\admin\controller\Article.php ]
[ info ] [ DB ] INIT mysql
[ info ] [ LOG ] INIT File
[ sql ] [ DB ] CONNECT:[ UseTime:0.001416s ] mysql:host=127.0.0.1;port=3306;dbname=pishop;charset=utf8mb4
[ sql ] [ SQL ] SHOW COLUMNS FROM `pishop_article` [ RunTime:0.008130s ]
[ sql ] [ SQL ] SELECT COUNT(*) AS tp_count FROM `pishop_article` `t1` INNER JOIN `pishop_article_cate` `t2` ON `t1`.`cate_id`=`t2`.`cate_id` WHERE  `delete_time` IS NULL LIMIT 1 [ RunTime:0.000807s ]
[ sql ] [ SQL ] SELECT `t1`.*,`t2`.`cate_name` FROM `pishop_article` `t1` INNER JOIN `pishop_article_cate` `t2` ON `t1`.`cate_id`=`t2`.`cate_id` WHERE  `delete_time` IS NULL ORDER BY `t1`.`article_id` DESC LIMIT 0,10 [ RunTime:0.001418s ]
---------------------------------------------------------------
[ 2018-09-06T22:04:41+08:00 ] 127.0.0.1 GET /admin/index/index.html
[ info ] www.pishop.com/admin/index/index.html [运行时间：0.126632s][吞吐率：7.90req/s] [内存消耗：2,996.28kb] [文件加载：64]
[ info ] [ BEHAVIOR ] Run pishop\behavior\InitHookBehavior @app_init [ RunTime:0.000808s ]
[ info ] [ LANG ] C:\phpStudy\PHPTutorial\WWW\pishop\framework\thinkphp\lang\zh-cn.php
[ info ] [ ROUTE ] array (
  'type' => 'module',
  'module' => 
  array (
    0 => 'admin',
    1 => 'index',
    2 => 'index',
  ),
)
[ info ] [ HEADER ] array (
  'cookie' => 'thinkphp_show_page_trace=0|4; Hm_lvt_b393d153aeb26b46e9431fabaf0f6190=1535433703,1536029218,1536044800,1536060987; PHPSESSID=s71r54qrkahvbgjfittkutt1t3; thinkphp_show_page_trace=0|0',
  'accept-language' => 'zh-CN,zh;q=0.9',
  'accept-encoding' => 'gzip, deflate',
  'referer' => 'http://www.pishop.com/admin/index/index.html',
  'accept' => 'text/html,application/xhtml+xml,application/xml;q=0.9,image/webp,image/apng,*/*;q=0.8',
  'user-agent' => 'Mozilla/5.0 (Windows NT 10.0; WOW64) AppleWebKit/537.36 (KHTML, like Gecko) Chrome/67.0.3396.99 Safari/537.36',
  'upgrade-insecure-requests' => '1',
  'connection' => 'close',
  'host' => 'www.pishop.com',
)
[ info ] [ PARAM ] array (
)
[ info ] [ SESSION ] INIT array (
  'id' => '',
  'var_session_id' => '',
  'prefix' => 'think',
  'type' => '',
  'auto_start' => true,
)
[ info ] [ RUN ] app\admin\controller\Index->index[ C:\phpStudy\PHPTutorial\WWW\pishop\app\admin\controller\Index.php ]
[ info ] [ DB ] INIT mysql
[ info ] [ VIEW ] C:\phpStudy\PHPTutorial\WWW\pishop/./app/admin\view\index\index.html [ array (
  0 => 'menuList',
) ]
[ info ] [ LOG ] INIT File
[ sql ] [ DB ] CONNECT:[ UseTime:0.001774s ] mysql:host=127.0.0.1;port=3306;dbname=pishop;charset=utf8mb4
[ sql ] [ SQL ] SHOW COLUMNS FROM `pishop_admin_node` [ RunTime:0.008500s ]
[ sql ] [ SQL ] SELECT * FROM `pishop_admin_node` WHERE  `is_show` = 1 ORDER BY `list_order` [ RunTime:0.000942s ]
---------------------------------------------------------------
[ 2018-09-06T22:04:41+08:00 ] 127.0.0.1 GET /admin/index/welcome.html
[ info ] www.pishop.com/admin/index/welcome.html [运行时间：0.178708s][吞吐率：5.60req/s] [内存消耗：2,608.45kb] [文件加载：63]
[ info ] [ BEHAVIOR ] Run pishop\behavior\InitHookBehavior @app_init [ RunTime:0.001092s ]
[ info ] [ LANG ] C:\phpStudy\PHPTutorial\WWW\pishop\framework\thinkphp\lang\zh-cn.php
[ info ] [ ROUTE ] array (
  'type' => 'module',
  'module' => 
  array (
    0 => 'admin',
    1 => 'index',
    2 => 'welcome',
  ),
)
[ info ] [ HEADER ] array (
  'cookie' => 'thinkphp_show_page_trace=0|4; Hm_lvt_b393d153aeb26b46e9431fabaf0f6190=1535433703,1536029218,1536044800,1536060987; PHPSESSID=s71r54qrkahvbgjfittkutt1t3; thinkphp_show_page_trace=0|0',
  'accept-language' => 'zh-CN,zh;q=0.9',
  'accept-encoding' => 'gzip, deflate',
  'referer' => 'http://www.pishop.com/admin/index/index.html',
  'accept' => 'text/html,application/xhtml+xml,application/xml;q=0.9,image/webp,image/apng,*/*;q=0.8',
  'user-agent' => 'Mozilla/5.0 (Windows NT 10.0; WOW64) AppleWebKit/537.36 (KHTML, like Gecko) Chrome/67.0.3396.99 Safari/537.36',
  'upgrade-insecure-requests' => '1',
  'connection' => 'close',
  'host' => 'www.pishop.com',
)
[ info ] [ PARAM ] array (
)
[ info ] [ SESSION ] INIT array (
  'id' => '',
  'var_session_id' => '',
  'prefix' => 'think',
  'type' => '',
  'auto_start' => true,
)
[ info ] [ RUN ] app\admin\controller\Index->welcome[ C:\phpStudy\PHPTutorial\WWW\pishop\app\admin\controller\Index.php ]
[ info ] [ DB ] INIT mysql
[ info ] [ CACHE ] INIT File
[ info ] [ VIEW ] C:\phpStudy\PHPTutorial\WWW\pishop/./app/admin\view\index\welcome.html [ array (
  0 => 'sys_info',
  1 => 'countData',
) ]
[ info ] [ LOG ] INIT File
[ sql ] [ DB ] CONNECT:[ UseTime:0.001433s ] mysql:host=127.0.0.1;port=3306;dbname=pishop;charset=utf8mb4
[ sql ] [ SQL ] SHOW COLUMNS FROM `pishop_user` [ RunTime:0.041139s ]
[ sql ] [ SQL ] SELECT COUNT(*) AS tp_count FROM `pishop_user` WHERE  `delete_time` IS NULL LIMIT 1 [ RunTime:0.000740s ]
[ sql ] [ SQL ] select VERSION() as version [ RunTime:0.001022s ]
---------------------------------------------------------------
[ 2018-09-06T22:04:42+08:00 ] 127.0.0.1 GET /admin/test/index.html?v=v1.0.180828&callback=jQuery33107087392480599133_1536242682262&_=1536242682263
[ info ] www.pishop.com/admin/test/index.html?v=v1.0.180828&callback=jQuery33107087392480599133_1536242682262&_=1536242682263 [运行时间：0.057689s][吞吐率：17.33req/s] [内存消耗：1,610.78kb] [文件加载：49]
[ info ] [ BEHAVIOR ] Run pishop\behavior\InitHookBehavior @app_init [ RunTime:0.001309s ]
[ info ] [ LANG ] C:\phpStudy\PHPTutorial\WWW\pishop\framework\thinkphp\lang\zh-cn.php
[ info ] [ ROUTE ] array (
  'type' => 'module',
  'module' => 
  array (
    0 => 'admin',
    1 => 'test',
    2 => 'index',
  ),
)
[ info ] [ HEADER ] array (
  'cookie' => 'Hm_lvt_b393d153aeb26b46e9431fabaf0f6190=1535433703,1536029218,1536044800,1536060987; PHPSESSID=s71r54qrkahvbgjfittkutt1t3; thinkphp_show_page_trace=0|0',
  'accept-language' => 'zh-CN,zh;q=0.9',
  'accept-encoding' => 'gzip, deflate',
  'referer' => 'http://www.pishop.com/admin/index/welcome.html',
  'user-agent' => 'Mozilla/5.0 (Windows NT 10.0; WOW64) AppleWebKit/537.36 (KHTML, like Gecko) Chrome/67.0.3396.99 Safari/537.36',
  'x-requested-with' => 'XMLHttpRequest',
  'accept' => 'text/javascript, application/javascript, application/ecmascript, application/x-ecmascript, */*; q=0.01',
  'connection' => 'close',
  'host' => 'www.pishop.com',
)
[ info ] [ PARAM ] array (
  'v' => 'v1.0.180828',
  'callback' => 'jQuery33107087392480599133_1536242682262',
  '_' => '1536242682263',
)
[ info ] [ SESSION ] INIT array (
  'id' => '',
  'var_session_id' => '',
  'prefix' => 'think',
  'type' => '',
  'auto_start' => true,
)
[ info ] [ RUN ] app\admin\controller\Test->index[ C:\phpStudy\PHPTutorial\WWW\pishop\app\admin\controller\Test.php ]
[ info ] [ LOG ] INIT File
---------------------------------------------------------------
[ 2018-09-06T22:06:49+08:00 ] 127.0.0.1 GET /admin/index/welcome.html
[ info ] www.pishop.com/admin/index/welcome.html [运行时间：0.079449s][吞吐率：12.59req/s] [内存消耗：2,593.41kb] [文件加载：62]
[ info ] [ BEHAVIOR ] Run pishop\behavior\InitHookBehavior @app_init [ RunTime:0.000652s ]
[ info ] [ LANG ] C:\phpStudy\PHPTutorial\WWW\pishop\framework\thinkphp\lang\zh-cn.php
[ info ] [ ROUTE ] array (
  'type' => 'module',
  'module' => 
  array (
    0 => 'admin',
    1 => 'index',
    2 => 'welcome',
  ),
)
[ info ] [ HEADER ] array (
  'cookie' => 'thinkphp_show_page_trace=0|4; Hm_lvt_b393d153aeb26b46e9431fabaf0f6190=1535433703,1536029218,1536044800,1536060987; PHPSESSID=s71r54qrkahvbgjfittkutt1t3; thinkphp_show_page_trace=0|0',
  'accept-language' => 'zh-CN,zh;q=0.9',
  'accept-encoding' => 'gzip, deflate',
  'referer' => 'http://www.pishop.com/admin/index/index.html',
  'accept' => 'text/html,application/xhtml+xml,application/xml;q=0.9,image/webp,image/apng,*/*;q=0.8',
  'user-agent' => 'Mozilla/5.0 (Windows NT 10.0; WOW64) AppleWebKit/537.36 (KHTML, like Gecko) Chrome/67.0.3396.99 Safari/537.36',
  'upgrade-insecure-requests' => '1',
  'cache-control' => 'max-age=0',
  'connection' => 'close',
  'host' => 'www.pishop.com',
)
[ info ] [ PARAM ] array (
)
[ info ] [ SESSION ] INIT array (
  'id' => '',
  'var_session_id' => '',
  'prefix' => 'think',
  'type' => '',
  'auto_start' => true,
)
[ info ] [ RUN ] app\admin\controller\Index->welcome[ C:\phpStudy\PHPTutorial\WWW\pishop\app\admin\controller\Index.php ]
[ info ] [ DB ] INIT mysql
[ info ] [ CACHE ] INIT File
[ info ] [ VIEW ] C:\phpStudy\PHPTutorial\WWW\pishop/./app/admin\view\index\welcome.html [ array (
  0 => 'sys_info',
  1 => 'countData',
) ]
[ info ] [ LOG ] INIT File
[ sql ] [ DB ] CONNECT:[ UseTime:0.001513s ] mysql:host=127.0.0.1;port=3306;dbname=pishop;charset=utf8mb4
[ sql ] [ SQL ] select VERSION() as version [ RunTime:0.000585s ]
---------------------------------------------------------------
[ 2018-09-06T22:06:50+08:00 ] 127.0.0.1 GET /admin/test/index.html?v=v1.0.180828&callback=jQuery33105733591044718329_1536242810273&_=1536242810274
[ info ] www.pishop.com/admin/test/index.html?v=v1.0.180828&callback=jQuery33105733591044718329_1536242810273&_=1536242810274 [运行时间：0.044106s][吞吐率：22.67req/s] [内存消耗：1,610.78kb] [文件加载：49]
[ info ] [ BEHAVIOR ] Run pishop\behavior\InitHookBehavior @app_init [ RunTime:0.000702s ]
[ info ] [ LANG ] C:\phpStudy\PHPTutorial\WWW\pishop\framework\thinkphp\lang\zh-cn.php
[ info ] [ ROUTE ] array (
  'type' => 'module',
  'module' => 
  array (
    0 => 'admin',
    1 => 'test',
    2 => 'index',
  ),
)
[ info ] [ HEADER ] array (
  'cookie' => 'Hm_lvt_b393d153aeb26b46e9431fabaf0f6190=1535433703,1536029218,1536044800,1536060987; PHPSESSID=s71r54qrkahvbgjfittkutt1t3; thinkphp_show_page_trace=0|0',
  'accept-language' => 'zh-CN,zh;q=0.9',
  'accept-encoding' => 'gzip, deflate',
  'referer' => 'http://www.pishop.com/admin/index/welcome.html',
  'user-agent' => 'Mozilla/5.0 (Windows NT 10.0; WOW64) AppleWebKit/537.36 (KHTML, like Gecko) Chrome/67.0.3396.99 Safari/537.36',
  'x-requested-with' => 'XMLHttpRequest',
  'accept' => 'text/javascript, application/javascript, application/ecmascript, application/x-ecmascript, */*; q=0.01',
  'connection' => 'close',
  'host' => 'www.pishop.com',
)
[ info ] [ PARAM ] array (
  'v' => 'v1.0.180828',
  'callback' => 'jQuery33105733591044718329_1536242810273',
  '_' => '1536242810274',
)
[ info ] [ SESSION ] INIT array (
  'id' => '',
  'var_session_id' => '',
  'prefix' => 'think',
  'type' => '',
  'auto_start' => true,
)
[ info ] [ RUN ] app\admin\controller\Test->index[ C:\phpStudy\PHPTutorial\WWW\pishop\app\admin\controller\Test.php ]
[ info ] [ LOG ] INIT File
---------------------------------------------------------------
[ 2018-09-06T22:07:21+08:00 ] 127.0.0.1 GET /admin/index/welcome.html
[ info ] www.pishop.com/admin/index/welcome.html [运行时间：0.064075s][吞吐率：15.61req/s] [内存消耗：2,593.45kb] [文件加载：62]
[ info ] [ BEHAVIOR ] Run pishop\behavior\InitHookBehavior @app_init [ RunTime:0.000553s ]
[ info ] [ LANG ] C:\phpStudy\PHPTutorial\WWW\pishop\framework\thinkphp\lang\zh-cn.php
[ info ] [ ROUTE ] array (
  'type' => 'module',
  'module' => 
  array (
    0 => 'admin',
    1 => 'index',
    2 => 'welcome',
  ),
)
[ info ] [ HEADER ] array (
  'cookie' => 'thinkphp_show_page_trace=0|4; Hm_lvt_b393d153aeb26b46e9431fabaf0f6190=1535433703,1536029218,1536044800,1536060987; PHPSESSID=s71r54qrkahvbgjfittkutt1t3; thinkphp_show_page_trace=0|0',
  'accept-language' => 'zh-CN,zh;q=0.9',
  'accept-encoding' => 'gzip, deflate',
  'referer' => 'http://www.pishop.com/admin/index/index.html',
  'accept' => 'text/html,application/xhtml+xml,application/xml;q=0.9,image/webp,image/apng,*/*;q=0.8',
  'user-agent' => 'Mozilla/5.0 (Windows NT 10.0; WOW64) AppleWebKit/537.36 (KHTML, like Gecko) Chrome/67.0.3396.99 Safari/537.36',
  'upgrade-insecure-requests' => '1',
  'cache-control' => 'max-age=0',
  'connection' => 'close',
  'host' => 'www.pishop.com',
)
[ info ] [ PARAM ] array (
)
[ info ] [ SESSION ] INIT array (
  'id' => '',
  'var_session_id' => '',
  'prefix' => 'think',
  'type' => '',
  'auto_start' => true,
)
[ info ] [ RUN ] app\admin\controller\Index->welcome[ C:\phpStudy\PHPTutorial\WWW\pishop\app\admin\controller\Index.php ]
[ info ] [ DB ] INIT mysql
[ info ] [ CACHE ] INIT File
[ info ] [ VIEW ] C:\phpStudy\PHPTutorial\WWW\pishop/./app/admin\view\index\welcome.html [ array (
  0 => 'sys_info',
  1 => 'countData',
) ]
[ info ] [ LOG ] INIT File
[ sql ] [ DB ] CONNECT:[ UseTime:0.001238s ] mysql:host=127.0.0.1;port=3306;dbname=pishop;charset=utf8mb4
[ sql ] [ SQL ] select VERSION() as version [ RunTime:0.000438s ]
---------------------------------------------------------------
[ 2018-09-06T22:07:21+08:00 ] 127.0.0.1 GET /admin/test/index.html?v=v1.0.180828&callback=jQuery331049098579343790894_1536242841436&_=1536242841437
[ info ] www.pishop.com/admin/test/index.html?v=v1.0.180828&callback=jQuery331049098579343790894_1536242841436&_=1536242841437 [运行时间：0.064573s][吞吐率：15.49req/s] [内存消耗：1,610.71kb] [文件加载：49]
[ info ] [ BEHAVIOR ] Run pishop\behavior\InitHookBehavior @app_init [ RunTime:0.000867s ]
[ info ] [ LANG ] C:\phpStudy\PHPTutorial\WWW\pishop\framework\thinkphp\lang\zh-cn.php
[ info ] [ ROUTE ] array (
  'type' => 'module',
  'module' => 
  array (
    0 => 'admin',
    1 => 'test',
    2 => 'index',
  ),
)
[ info ] [ HEADER ] array (
  'cookie' => 'Hm_lvt_b393d153aeb26b46e9431fabaf0f6190=1535433703,1536029218,1536044800,1536060987; PHPSESSID=s71r54qrkahvbgjfittkutt1t3; thinkphp_show_page_trace=0|0',
  'accept-language' => 'zh-CN,zh;q=0.9',
  'accept-encoding' => 'gzip, deflate',
  'referer' => 'http://www.pishop.com/admin/index/welcome.html',
  'user-agent' => 'Mozilla/5.0 (Windows NT 10.0; WOW64) AppleWebKit/537.36 (KHTML, like Gecko) Chrome/67.0.3396.99 Safari/537.36',
  'x-requested-with' => 'XMLHttpRequest',
  'accept' => 'text/javascript, application/javascript, application/ecmascript, application/x-ecmascript, */*; q=0.01',
  'connection' => 'close',
  'host' => 'www.pishop.com',
)
[ info ] [ PARAM ] array (
  'v' => 'v1.0.180828',
  'callback' => 'jQuery331049098579343790894_1536242841436',
  '_' => '1536242841437',
)
[ info ] [ SESSION ] INIT array (
  'id' => '',
  'var_session_id' => '',
  'prefix' => 'think',
  'type' => '',
  'auto_start' => true,
)
[ info ] [ RUN ] app\admin\controller\Test->index[ C:\phpStudy\PHPTutorial\WWW\pishop\app\admin\controller\Test.php ]
[ info ] [ LOG ] INIT File
---------------------------------------------------------------
[ 2018-09-06T22:08:07+08:00 ] 127.0.0.1 GET /admin/index/welcome.html
[ info ] www.pishop.com/admin/index/welcome.html [运行时间：0.095246s][吞吐率：10.50req/s] [内存消耗：2,593.52kb] [文件加载：62]
[ info ] [ BEHAVIOR ] Run pishop\behavior\InitHookBehavior @app_init [ RunTime:0.001109s ]
[ info ] [ LANG ] C:\phpStudy\PHPTutorial\WWW\pishop\framework\thinkphp\lang\zh-cn.php
[ info ] [ ROUTE ] array (
  'type' => 'module',
  'module' => 
  array (
    0 => 'admin',
    1 => 'index',
    2 => 'welcome',
  ),
)
[ info ] [ HEADER ] array (
  'cookie' => 'thinkphp_show_page_trace=0|4; Hm_lvt_b393d153aeb26b46e9431fabaf0f6190=1535433703,1536029218,1536044800,1536060987; PHPSESSID=s71r54qrkahvbgjfittkutt1t3; thinkphp_show_page_trace=0|0',
  'accept-language' => 'zh-CN,zh;q=0.9',
  'accept-encoding' => 'gzip, deflate',
  'referer' => 'http://www.pishop.com/admin/index/index.html',
  'accept' => 'text/html,application/xhtml+xml,application/xml;q=0.9,image/webp,image/apng,*/*;q=0.8',
  'user-agent' => 'Mozilla/5.0 (Windows NT 10.0; WOW64) AppleWebKit/537.36 (KHTML, like Gecko) Chrome/67.0.3396.99 Safari/537.36',
  'upgrade-insecure-requests' => '1',
  'cache-control' => 'max-age=0',
  'connection' => 'close',
  'host' => 'www.pishop.com',
)
[ info ] [ PARAM ] array (
)
[ info ] [ SESSION ] INIT array (
  'id' => '',
  'var_session_id' => '',
  'prefix' => 'think',
  'type' => '',
  'auto_start' => true,
)
[ info ] [ RUN ] app\admin\controller\Index->welcome[ C:\phpStudy\PHPTutorial\WWW\pishop\app\admin\controller\Index.php ]
[ info ] [ DB ] INIT mysql
[ info ] [ CACHE ] INIT File
[ info ] [ VIEW ] C:\phpStudy\PHPTutorial\WWW\pishop/./app/admin\view\index\welcome.html [ array (
  0 => 'sys_info',
  1 => 'countData',
) ]
[ info ] [ LOG ] INIT File
[ sql ] [ DB ] CONNECT:[ UseTime:0.001881s ] mysql:host=127.0.0.1;port=3306;dbname=pishop;charset=utf8mb4
[ sql ] [ SQL ] select VERSION() as version [ RunTime:0.000681s ]
---------------------------------------------------------------
[ 2018-09-06T22:08:08+08:00 ] 127.0.0.1 GET /admin/test/index.html?v=v1.0.180828&callback=jQuery33109705475070740057_1536242887955&_=1536242887956
[ info ] www.pishop.com/admin/test/index.html?v=v1.0.180828&callback=jQuery33109705475070740057_1536242887955&_=1536242887956 [运行时间：0.048088s][吞吐率：20.80req/s] [内存消耗：1,610.78kb] [文件加载：49]
[ info ] [ BEHAVIOR ] Run pishop\behavior\InitHookBehavior @app_init [ RunTime:0.000584s ]
[ info ] [ LANG ] C:\phpStudy\PHPTutorial\WWW\pishop\framework\thinkphp\lang\zh-cn.php
[ info ] [ ROUTE ] array (
  'type' => 'module',
  'module' => 
  array (
    0 => 'admin',
    1 => 'test',
    2 => 'index',
  ),
)
[ info ] [ HEADER ] array (
  'cookie' => 'Hm_lvt_b393d153aeb26b46e9431fabaf0f6190=1535433703,1536029218,1536044800,1536060987; PHPSESSID=s71r54qrkahvbgjfittkutt1t3; thinkphp_show_page_trace=0|0',
  'accept-language' => 'zh-CN,zh;q=0.9',
  'accept-encoding' => 'gzip, deflate',
  'referer' => 'http://www.pishop.com/admin/index/welcome.html',
  'user-agent' => 'Mozilla/5.0 (Windows NT 10.0; WOW64) AppleWebKit/537.36 (KHTML, like Gecko) Chrome/67.0.3396.99 Safari/537.36',
  'x-requested-with' => 'XMLHttpRequest',
  'accept' => 'text/javascript, application/javascript, application/ecmascript, application/x-ecmascript, */*; q=0.01',
  'connection' => 'close',
  'host' => 'www.pishop.com',
)
[ info ] [ PARAM ] array (
  'v' => 'v1.0.180828',
  'callback' => 'jQuery33109705475070740057_1536242887955',
  '_' => '1536242887956',
)
[ info ] [ SESSION ] INIT array (
  'id' => '',
  'var_session_id' => '',
  'prefix' => 'think',
  'type' => '',
  'auto_start' => true,
)
[ info ] [ RUN ] app\admin\controller\Test->index[ C:\phpStudy\PHPTutorial\WWW\pishop\app\admin\controller\Test.php ]
[ info ] [ LOG ] INIT File
---------------------------------------------------------------
[ 2018-09-06T22:08:57+08:00 ] 127.0.0.1 GET /admin/index/welcome.html
[ info ] www.pishop.com/admin/index/welcome.html [运行时间：0.066685s][吞吐率：15.00req/s] [内存消耗：2,447.27kb] [文件加载：60]
[ info ] [ BEHAVIOR ] Run pishop\behavior\InitHookBehavior @app_init [ RunTime:0.000729s ]
[ info ] [ LANG ] C:\phpStudy\PHPTutorial\WWW\pishop\framework\thinkphp\lang\zh-cn.php
[ info ] [ ROUTE ] array (
  'type' => 'module',
  'module' => 
  array (
    0 => 'admin',
    1 => 'index',
    2 => 'welcome',
  ),
)
[ info ] [ HEADER ] array (
  'cookie' => 'thinkphp_show_page_trace=0|4; Hm_lvt_b393d153aeb26b46e9431fabaf0f6190=1535433703,1536029218,1536044800,1536060987; PHPSESSID=s71r54qrkahvbgjfittkutt1t3; thinkphp_show_page_trace=0|0',
  'accept-language' => 'zh-CN,zh;q=0.9',
  'accept-encoding' => 'gzip, deflate',
  'referer' => 'http://www.pishop.com/admin/index/index.html',
  'accept' => 'text/html,application/xhtml+xml,application/xml;q=0.9,image/webp,image/apng,*/*;q=0.8',
  'user-agent' => 'Mozilla/5.0 (Windows NT 10.0; WOW64) AppleWebKit/537.36 (KHTML, like Gecko) Chrome/67.0.3396.99 Safari/537.36',
  'upgrade-insecure-requests' => '1',
  'cache-control' => 'max-age=0',
  'connection' => 'close',
  'host' => 'www.pishop.com',
)
[ info ] [ PARAM ] array (
)
[ info ] [ SESSION ] INIT array (
  'id' => '',
  'var_session_id' => '',
  'prefix' => 'think',
  'type' => '',
  'auto_start' => true,
)
[ info ] [ RUN ] app\admin\controller\Index->welcome[ C:\phpStudy\PHPTutorial\WWW\pishop\app\admin\controller\Index.php ]
[ info ] [ DB ] INIT mysql
[ info ] [ CACHE ] INIT File
[ info ] [ VIEW ] C:\phpStudy\PHPTutorial\WWW\pishop/./app/admin\view\index\welcome.html [ array (
  0 => 'sys_info',
  1 => 'countData',
) ]
[ info ] [ LOG ] INIT File
[ sql ] [ DB ] CONNECT:[ UseTime:0.001351s ] mysql:host=127.0.0.1;port=3306;dbname=pishop;charset=utf8mb4
[ sql ] [ SQL ] select VERSION() as version [ RunTime:0.000537s ]
---------------------------------------------------------------
[ 2018-09-06T22:08:57+08:00 ] 127.0.0.1 GET /admin/test/index.html?v=v1.0.180828&callback=jQuery331020060446652760588_1536242937419&_=1536242937420
[ info ] www.pishop.com/admin/test/index.html?v=v1.0.180828&callback=jQuery331020060446652760588_1536242937419&_=1536242937420 [运行时间：0.050600s][吞吐率：19.76req/s] [内存消耗：1,610.71kb] [文件加载：49]
[ info ] [ BEHAVIOR ] Run pishop\behavior\InitHookBehavior @app_init [ RunTime:0.000653s ]
[ info ] [ LANG ] C:\phpStudy\PHPTutorial\WWW\pishop\framework\thinkphp\lang\zh-cn.php
[ info ] [ ROUTE ] array (
  'type' => 'module',
  'module' => 
  array (
    0 => 'admin',
    1 => 'test',
    2 => 'index',
  ),
)
[ info ] [ HEADER ] array (
  'cookie' => 'Hm_lvt_b393d153aeb26b46e9431fabaf0f6190=1535433703,1536029218,1536044800,1536060987; PHPSESSID=s71r54qrkahvbgjfittkutt1t3; thinkphp_show_page_trace=0|0',
  'accept-language' => 'zh-CN,zh;q=0.9',
  'accept-encoding' => 'gzip, deflate',
  'referer' => 'http://www.pishop.com/admin/index/welcome.html',
  'user-agent' => 'Mozilla/5.0 (Windows NT 10.0; WOW64) AppleWebKit/537.36 (KHTML, like Gecko) Chrome/67.0.3396.99 Safari/537.36',
  'x-requested-with' => 'XMLHttpRequest',
  'accept' => 'text/javascript, application/javascript, application/ecmascript, application/x-ecmascript, */*; q=0.01',
  'connection' => 'close',
  'host' => 'www.pishop.com',
)
[ info ] [ PARAM ] array (
  'v' => 'v1.0.180828',
  'callback' => 'jQuery331020060446652760588_1536242937419',
  '_' => '1536242937420',
)
[ info ] [ SESSION ] INIT array (
  'id' => '',
  'var_session_id' => '',
  'prefix' => 'think',
  'type' => '',
  'auto_start' => true,
)
[ info ] [ RUN ] app\admin\controller\Test->index[ C:\phpStudy\PHPTutorial\WWW\pishop\app\admin\controller\Test.php ]
[ info ] [ LOG ] INIT File
---------------------------------------------------------------
[ 2018-09-06T22:09:05+08:00 ] 127.0.0.1 GET /admin/index/index.html
[ info ] www.pishop.com/admin/index/index.html [运行时间：0.171435s][吞吐率：5.83req/s] [内存消耗：2,849.27kb] [文件加载：62]
[ info ] [ BEHAVIOR ] Run pishop\behavior\InitHookBehavior @app_init [ RunTime:0.002265s ]
[ info ] [ LANG ] C:\phpStudy\PHPTutorial\WWW\pishop\framework\thinkphp\lang\zh-cn.php
[ info ] [ ROUTE ] array (
  'type' => 'module',
  'module' => 
  array (
    0 => 'admin',
    1 => 'index',
    2 => 'index',
  ),
)
[ info ] [ HEADER ] array (
  'cookie' => 'thinkphp_show_page_trace=0|4; Hm_lvt_b393d153aeb26b46e9431fabaf0f6190=1535433703,1536029218,1536044800,1536060987; PHPSESSID=s71r54qrkahvbgjfittkutt1t3; thinkphp_show_page_trace=0|0',
  'accept-language' => 'zh-CN,zh;q=0.9',
  'accept-encoding' => 'gzip, deflate',
  'referer' => 'http://www.pishop.com/admin/index/index.html',
  'accept' => 'text/html,application/xhtml+xml,application/xml;q=0.9,image/webp,image/apng,*/*;q=0.8',
  'user-agent' => 'Mozilla/5.0 (Windows NT 10.0; WOW64) AppleWebKit/537.36 (KHTML, like Gecko) Chrome/67.0.3396.99 Safari/537.36',
  'upgrade-insecure-requests' => '1',
  'cache-control' => 'max-age=0',
  'connection' => 'close',
  'host' => 'www.pishop.com',
)
[ info ] [ PARAM ] array (
)
[ info ] [ SESSION ] INIT array (
  'id' => '',
  'var_session_id' => '',
  'prefix' => 'think',
  'type' => '',
  'auto_start' => true,
)
[ info ] [ RUN ] app\admin\controller\Index->index[ C:\phpStudy\PHPTutorial\WWW\pishop\app\admin\controller\Index.php ]
[ info ] [ DB ] INIT mysql
[ info ] [ VIEW ] C:\phpStudy\PHPTutorial\WWW\pishop/./app/admin\view\index\index.html [ array (
  0 => 'menuList',
) ]
[ info ] [ LOG ] INIT File
[ sql ] [ DB ] CONNECT:[ UseTime:0.003102s ] mysql:host=127.0.0.1;port=3306;dbname=pishop;charset=utf8mb4
[ sql ] [ SQL ] SHOW COLUMNS FROM `pishop_admin_node` [ RunTime:0.014123s ]
[ sql ] [ SQL ] SELECT * FROM `pishop_admin_node` WHERE  `is_show` = 1 ORDER BY `list_order` [ RunTime:0.001331s ]
---------------------------------------------------------------
[ 2018-09-06T22:09:06+08:00 ] 127.0.0.1 GET /admin/index/welcome.html
[ info ] www.pishop.com/admin/index/welcome.html [运行时间：0.137777s][吞吐率：7.26req/s] [内存消耗：2,447.08kb] [文件加载：60]
[ info ] [ BEHAVIOR ] Run pishop\behavior\InitHookBehavior @app_init [ RunTime:0.001387s ]
[ info ] [ LANG ] C:\phpStudy\PHPTutorial\WWW\pishop\framework\thinkphp\lang\zh-cn.php
[ info ] [ ROUTE ] array (
  'type' => 'module',
  'module' => 
  array (
    0 => 'admin',
    1 => 'index',
    2 => 'welcome',
  ),
)
[ info ] [ HEADER ] array (
  'cookie' => 'thinkphp_show_page_trace=0|4; Hm_lvt_b393d153aeb26b46e9431fabaf0f6190=1535433703,1536029218,1536044800,1536060987; PHPSESSID=s71r54qrkahvbgjfittkutt1t3; thinkphp_show_page_trace=0|0',
  'accept-language' => 'zh-CN,zh;q=0.9',
  'accept-encoding' => 'gzip, deflate',
  'referer' => 'http://www.pishop.com/admin/index/index.html',
  'accept' => 'text/html,application/xhtml+xml,application/xml;q=0.9,image/webp,image/apng,*/*;q=0.8',
  'user-agent' => 'Mozilla/5.0 (Windows NT 10.0; WOW64) AppleWebKit/537.36 (KHTML, like Gecko) Chrome/67.0.3396.99 Safari/537.36',
  'upgrade-insecure-requests' => '1',
  'connection' => 'close',
  'host' => 'www.pishop.com',
)
[ info ] [ PARAM ] array (
)
[ info ] [ SESSION ] INIT array (
  'id' => '',
  'var_session_id' => '',
  'prefix' => 'think',
  'type' => '',
  'auto_start' => true,
)
[ info ] [ RUN ] app\admin\controller\Index->welcome[ C:\phpStudy\PHPTutorial\WWW\pishop\app\admin\controller\Index.php ]
[ info ] [ DB ] INIT mysql
[ info ] [ CACHE ] INIT File
[ info ] [ VIEW ] C:\phpStudy\PHPTutorial\WWW\pishop/./app/admin\view\index\welcome.html [ array (
  0 => 'sys_info',
  1 => 'countData',
) ]
[ info ] [ LOG ] INIT File
[ sql ] [ DB ] CONNECT:[ UseTime:0.001661s ] mysql:host=127.0.0.1;port=3306;dbname=pishop;charset=utf8mb4
[ sql ] [ SQL ] select VERSION() as version [ RunTime:0.000385s ]
---------------------------------------------------------------
[ 2018-09-06T22:09:06+08:00 ] 127.0.0.1 GET /admin/test/index.html?v=v1.0.180828&callback=jQuery3310503251686738091_1536242946695&_=1536242946696
[ info ] www.pishop.com/admin/test/index.html?v=v1.0.180828&callback=jQuery3310503251686738091_1536242946695&_=1536242946696 [运行时间：0.060111s][吞吐率：16.64req/s] [内存消耗：1,610.72kb] [文件加载：49]
[ info ] [ BEHAVIOR ] Run pishop\behavior\InitHookBehavior @app_init [ RunTime:0.001282s ]
[ info ] [ LANG ] C:\phpStudy\PHPTutorial\WWW\pishop\framework\thinkphp\lang\zh-cn.php
[ info ] [ ROUTE ] array (
  'type' => 'module',
  'module' => 
  array (
    0 => 'admin',
    1 => 'test',
    2 => 'index',
  ),
)
[ info ] [ HEADER ] array (
  'cookie' => 'Hm_lvt_b393d153aeb26b46e9431fabaf0f6190=1535433703,1536029218,1536044800,1536060987; PHPSESSID=s71r54qrkahvbgjfittkutt1t3; thinkphp_show_page_trace=0|0',
  'accept-language' => 'zh-CN,zh;q=0.9',
  'accept-encoding' => 'gzip, deflate',
  'referer' => 'http://www.pishop.com/admin/index/welcome.html',
  'user-agent' => 'Mozilla/5.0 (Windows NT 10.0; WOW64) AppleWebKit/537.36 (KHTML, like Gecko) Chrome/67.0.3396.99 Safari/537.36',
  'x-requested-with' => 'XMLHttpRequest',
  'accept' => 'text/javascript, application/javascript, application/ecmascript, application/x-ecmascript, */*; q=0.01',
  'connection' => 'close',
  'host' => 'www.pishop.com',
)
[ info ] [ PARAM ] array (
  'v' => 'v1.0.180828',
  'callback' => 'jQuery3310503251686738091_1536242946695',
  '_' => '1536242946696',
)
[ info ] [ SESSION ] INIT array (
  'id' => '',
  'var_session_id' => '',
  'prefix' => 'think',
  'type' => '',
  'auto_start' => true,
)
[ info ] [ RUN ] app\admin\controller\Test->index[ C:\phpStudy\PHPTutorial\WWW\pishop\app\admin\controller\Test.php ]
[ info ] [ LOG ] INIT File
---------------------------------------------------------------
[ 2018-09-06T22:09:11+08:00 ] 127.0.0.1 GET /admin/index/welcome.html
[ info ] www.pishop.com/admin/index/welcome.html [运行时间：0.084924s][吞吐率：11.78req/s] [内存消耗：2,447.27kb] [文件加载：60]
[ info ] [ BEHAVIOR ] Run pishop\behavior\InitHookBehavior @app_init [ RunTime:0.000801s ]
[ info ] [ LANG ] C:\phpStudy\PHPTutorial\WWW\pishop\framework\thinkphp\lang\zh-cn.php
[ info ] [ ROUTE ] array (
  'type' => 'module',
  'module' => 
  array (
    0 => 'admin',
    1 => 'index',
    2 => 'welcome',
  ),
)
[ info ] [ HEADER ] array (
  'cookie' => 'thinkphp_show_page_trace=0|4; Hm_lvt_b393d153aeb26b46e9431fabaf0f6190=1535433703,1536029218,1536044800,1536060987; PHPSESSID=s71r54qrkahvbgjfittkutt1t3; thinkphp_show_page_trace=0|0',
  'accept-language' => 'zh-CN,zh;q=0.9',
  'accept-encoding' => 'gzip, deflate',
  'referer' => 'http://www.pishop.com/admin/index/index.html',
  'accept' => 'text/html,application/xhtml+xml,application/xml;q=0.9,image/webp,image/apng,*/*;q=0.8',
  'user-agent' => 'Mozilla/5.0 (Windows NT 10.0; WOW64) AppleWebKit/537.36 (KHTML, like Gecko) Chrome/67.0.3396.99 Safari/537.36',
  'upgrade-insecure-requests' => '1',
  'cache-control' => 'max-age=0',
  'connection' => 'close',
  'host' => 'www.pishop.com',
)
[ info ] [ PARAM ] array (
)
[ info ] [ SESSION ] INIT array (
  'id' => '',
  'var_session_id' => '',
  'prefix' => 'think',
  'type' => '',
  'auto_start' => true,
)
[ info ] [ RUN ] app\admin\controller\Index->welcome[ C:\phpStudy\PHPTutorial\WWW\pishop\app\admin\controller\Index.php ]
[ info ] [ DB ] INIT mysql
[ info ] [ CACHE ] INIT File
[ info ] [ VIEW ] C:\phpStudy\PHPTutorial\WWW\pishop/./app/admin\view\index\welcome.html [ array (
  0 => 'sys_info',
  1 => 'countData',
) ]
[ info ] [ LOG ] INIT File
[ sql ] [ DB ] CONNECT:[ UseTime:0.001560s ] mysql:host=127.0.0.1;port=3306;dbname=pishop;charset=utf8mb4
[ sql ] [ SQL ] select VERSION() as version [ RunTime:0.000441s ]
---------------------------------------------------------------
[ 2018-09-06T22:09:12+08:00 ] 127.0.0.1 GET /admin/test/index.html?v=v1.0.180828&callback=jQuery33107937577342693749_1536242952351&_=1536242952352
[ info ] www.pishop.com/admin/test/index.html?v=v1.0.180828&callback=jQuery33107937577342693749_1536242952351&_=1536242952352 [运行时间：0.060981s][吞吐率：16.40req/s] [内存消耗：1,610.78kb] [文件加载：49]
[ info ] [ BEHAVIOR ] Run pishop\behavior\InitHookBehavior @app_init [ RunTime:0.001277s ]
[ info ] [ LANG ] C:\phpStudy\PHPTutorial\WWW\pishop\framework\thinkphp\lang\zh-cn.php
[ info ] [ ROUTE ] array (
  'type' => 'module',
  'module' => 
  array (
    0 => 'admin',
    1 => 'test',
    2 => 'index',
  ),
)
[ info ] [ HEADER ] array (
  'cookie' => 'Hm_lvt_b393d153aeb26b46e9431fabaf0f6190=1535433703,1536029218,1536044800,1536060987; PHPSESSID=s71r54qrkahvbgjfittkutt1t3; thinkphp_show_page_trace=0|0',
  'accept-language' => 'zh-CN,zh;q=0.9',
  'accept-encoding' => 'gzip, deflate',
  'referer' => 'http://www.pishop.com/admin/index/welcome.html',
  'user-agent' => 'Mozilla/5.0 (Windows NT 10.0; WOW64) AppleWebKit/537.36 (KHTML, like Gecko) Chrome/67.0.3396.99 Safari/537.36',
  'x-requested-with' => 'XMLHttpRequest',
  'accept' => 'text/javascript, application/javascript, application/ecmascript, application/x-ecmascript, */*; q=0.01',
  'connection' => 'close',
  'host' => 'www.pishop.com',
)
[ info ] [ PARAM ] array (
  'v' => 'v1.0.180828',
  'callback' => 'jQuery33107937577342693749_1536242952351',
  '_' => '1536242952352',
)
[ info ] [ SESSION ] INIT array (
  'id' => '',
  'var_session_id' => '',
  'prefix' => 'think',
  'type' => '',
  'auto_start' => true,
)
[ info ] [ RUN ] app\admin\controller\Test->index[ C:\phpStudy\PHPTutorial\WWW\pishop\app\admin\controller\Test.php ]
[ info ] [ LOG ] INIT File
---------------------------------------------------------------
[ 2018-09-06T22:10:27+08:00 ] 127.0.0.1 GET /admin/article/index.html
[ info ] www.pishop.com/admin/article/index.html [运行时间：0.151000s][吞吐率：6.62req/s] [内存消耗：1,752.35kb] [文件加载：54]
[ info ] [ BEHAVIOR ] Run pishop\behavior\InitHookBehavior @app_init [ RunTime:0.002215s ]
[ info ] [ LANG ] C:\phpStudy\PHPTutorial\WWW\pishop\framework\thinkphp\lang\zh-cn.php
[ info ] [ ROUTE ] array (
  'type' => 'module',
  'module' => 
  array (
    0 => 'admin',
    1 => 'article',
    2 => 'index',
  ),
)
[ info ] [ HEADER ] array (
  'cookie' => 'thinkphp_show_page_trace=0|4; Hm_lvt_b393d153aeb26b46e9431fabaf0f6190=1535433703,1536029218,1536044800,1536060987; PHPSESSID=s71r54qrkahvbgjfittkutt1t3; thinkphp_show_page_trace=0|0',
  'accept-language' => 'zh-CN,zh;q=0.9',
  'accept-encoding' => 'gzip, deflate',
  'referer' => 'http://www.pishop.com/admin/index/index.html',
  'accept' => 'text/html,application/xhtml+xml,application/xml;q=0.9,image/webp,image/apng,*/*;q=0.8',
  'user-agent' => 'Mozilla/5.0 (Windows NT 10.0; WOW64) AppleWebKit/537.36 (KHTML, like Gecko) Chrome/67.0.3396.99 Safari/537.36',
  'upgrade-insecure-requests' => '1',
  'connection' => 'close',
  'host' => 'www.pishop.com',
)
[ info ] [ PARAM ] array (
)
[ info ] [ SESSION ] INIT array (
  'id' => '',
  'var_session_id' => '',
  'prefix' => 'think',
  'type' => '',
  'auto_start' => true,
)
[ info ] [ RUN ] app\admin\controller\Article->index[ C:\phpStudy\PHPTutorial\WWW\pishop\app\admin\controller\Article.php ]
[ info ] [ VIEW ] C:\phpStudy\PHPTutorial\WWW\pishop/./app/admin\view\article\index.html [ array (
) ]
[ info ] [ LOG ] INIT File
---------------------------------------------------------------
[ 2018-09-06T22:10:28+08:00 ] 127.0.0.1 GET /admin/article/index.html?page=1&limit=10
[ info ] www.pishop.com/admin/article/index.html?page=1&limit=10 [运行时间：0.100778s][吞吐率：9.92req/s] [内存消耗：2,501.86kb] [文件加载：61]
[ info ] [ BEHAVIOR ] Run pishop\behavior\InitHookBehavior @app_init [ RunTime:0.000846s ]
[ info ] [ LANG ] C:\phpStudy\PHPTutorial\WWW\pishop\framework\thinkphp\lang\zh-cn.php
[ info ] [ ROUTE ] array (
  'type' => 'module',
  'module' => 
  array (
    0 => 'admin',
    1 => 'article',
    2 => 'index',
  ),
)
[ info ] [ HEADER ] array (
  'cookie' => 'thinkphp_show_page_trace=0|4; Hm_lvt_b393d153aeb26b46e9431fabaf0f6190=1535433703,1536029218,1536044800,1536060987; PHPSESSID=s71r54qrkahvbgjfittkutt1t3; thinkphp_show_page_trace=0|0',
  'accept-language' => 'zh-CN,zh;q=0.9',
  'accept-encoding' => 'gzip, deflate',
  'referer' => 'http://www.pishop.com/admin/article/index.html',
  'user-agent' => 'Mozilla/5.0 (Windows NT 10.0; WOW64) AppleWebKit/537.36 (KHTML, like Gecko) Chrome/67.0.3396.99 Safari/537.36',
  'x-requested-with' => 'XMLHttpRequest',
  'accept' => 'application/json, text/javascript, */*; q=0.01',
  'connection' => 'close',
  'host' => 'www.pishop.com',
)
[ info ] [ PARAM ] array (
  'page' => '1',
  'limit' => '10',
)
[ info ] [ SESSION ] INIT array (
  'id' => '',
  'var_session_id' => '',
  'prefix' => 'think',
  'type' => '',
  'auto_start' => true,
)
[ info ] [ RUN ] app\admin\controller\Article->index[ C:\phpStudy\PHPTutorial\WWW\pishop\app\admin\controller\Article.php ]
[ info ] [ DB ] INIT mysql
[ info ] [ LOG ] INIT File
[ sql ] [ DB ] CONNECT:[ UseTime:0.001882s ] mysql:host=127.0.0.1;port=3306;dbname=pishop;charset=utf8mb4
[ sql ] [ SQL ] SHOW COLUMNS FROM `pishop_article` [ RunTime:0.013314s ]
[ sql ] [ SQL ] SELECT COUNT(*) AS tp_count FROM `pishop_article` `t1` INNER JOIN `pishop_article_cate` `t2` ON `t1`.`cate_id`=`t2`.`cate_id` WHERE  `delete_time` IS NULL LIMIT 1 [ RunTime:0.000777s ]
[ sql ] [ SQL ] SELECT `t1`.*,`t2`.`cate_name` FROM `pishop_article` `t1` INNER JOIN `pishop_article_cate` `t2` ON `t1`.`cate_id`=`t2`.`cate_id` WHERE  `delete_time` IS NULL ORDER BY `t1`.`article_id` DESC LIMIT 0,10 [ RunTime:0.001330s ]
---------------------------------------------------------------
[ 2018-09-06T22:10:39+08:00 ] 127.0.0.1 GET /index/index/index.html
[ info ] www.pishop.com/index/index/index.html [运行时间：0.103348s][吞吐率：9.68req/s] [内存消耗：1,809.87kb] [文件加载：54]
[ info ] [ BEHAVIOR ] Run pishop\behavior\InitHookBehavior @app_init [ RunTime:0.001579s ]
[ info ] [ LANG ] C:\phpStudy\PHPTutorial\WWW\pishop\framework\thinkphp\lang\zh-cn.php
[ info ] [ ROUTE ] array (
  'type' => 'module',
  'module' => 
  array (
    0 => 'index',
    1 => 'index',
    2 => 'index',
  ),
)
[ info ] [ HEADER ] array (
  'cookie' => 'thinkphp_show_page_trace=0|0; Hm_lvt_b393d153aeb26b46e9431fabaf0f6190=1535433703,1536029218,1536044800,1536060987; PHPSESSID=s71r54qrkahvbgjfittkutt1t3; thinkphp_show_page_trace=0|0',
  'accept-language' => 'zh-CN,zh;q=0.9',
  'accept-encoding' => 'gzip, deflate',
  'referer' => 'http://www.pishop.com/admin/article/index.html',
  'accept' => 'text/html,application/xhtml+xml,application/xml;q=0.9,image/webp,image/apng,*/*;q=0.8',
  'user-agent' => 'Mozilla/5.0 (Windows NT 10.0; WOW64) AppleWebKit/537.36 (KHTML, like Gecko) Chrome/67.0.3396.99 Safari/537.36',
  'upgrade-insecure-requests' => '1',
  'connection' => 'close',
  'host' => 'www.pishop.com',
)
[ info ] [ PARAM ] array (
)
[ info ] [ RUN ] app\index\controller\Index->index[ C:\phpStudy\PHPTutorial\WWW\pishop\app\index\controller\Index.php ]
[ info ] [ VIEW ] template/daniuit/index.html [ array (
  0 => 'name',
) ]
[ info ] [ LOG ] INIT File
---------------------------------------------------------------
[ 2018-09-06T22:10:40+08:00 ] 127.0.0.1 GET /static/images/logo.png
[ info ] www.pishop.com/static/images/logo.png [运行时间：0.062968s][吞吐率：15.88req/s] [内存消耗：1,393.59kb] [文件加载：45]
[ info ] [ BEHAVIOR ] Run pishop\behavior\InitHookBehavior @app_init [ RunTime:0.000817s ]
[ info ] [ LANG ] C:\phpStudy\PHPTutorial\WWW\pishop\framework\thinkphp\lang\zh-cn.php
[ info ] [ ROUTE ] array (
  'type' => 'module',
  'module' => 
  array (
    0 => 'static',
    1 => 'images',
    2 => 'logo.png',
  ),
)
[ info ] [ HEADER ] array (
  'cookie' => 'Hm_lvt_b393d153aeb26b46e9431fabaf0f6190=1535433703,1536029218,1536044800,1536060987; PHPSESSID=s71r54qrkahvbgjfittkutt1t3; thinkphp_show_page_trace=0|0',
  'accept-language' => 'zh-CN,zh;q=0.9',
  'accept-encoding' => 'gzip, deflate',
  'referer' => 'http://www.pishop.com/index/index/index.html',
  'accept' => 'image/webp,image/apng,image/*,*/*;q=0.8',
  'user-agent' => 'Mozilla/5.0 (Windows NT 10.0; WOW64) AppleWebKit/537.36 (KHTML, like Gecko) Chrome/67.0.3396.99 Safari/537.36',
  'connection' => 'close',
  'host' => 'www.pishop.com',
)
[ info ] [ PARAM ] array (
)
[ info ] [ LOG ] INIT File
---------------------------------------------------------------
[ 2018-09-06T22:10:43+08:00 ] 127.0.0.1 GET /admin/user/useredit.html?uid=undefined
[ info ] www.pishop.com/admin/user/useredit.html?uid=undefined [运行时间：0.169773s][吞吐率：5.89req/s] [内存消耗：2,960.26kb] [文件加载：65]
[ info ] [ BEHAVIOR ] Run pishop\behavior\InitHookBehavior @app_init [ RunTime:0.001038s ]
[ info ] [ LANG ] C:\phpStudy\PHPTutorial\WWW\pishop\framework\thinkphp\lang\zh-cn.php
[ info ] [ ROUTE ] array (
  'type' => 'module',
  'module' => 
  array (
    0 => 'admin',
    1 => 'user',
    2 => 'useredit',
  ),
)
[ info ] [ HEADER ] array (
  'cookie' => 'thinkphp_show_page_trace=0|0; Hm_lvt_b393d153aeb26b46e9431fabaf0f6190=1535433703,1536029218,1536044800,1536060987; PHPSESSID=s71r54qrkahvbgjfittkutt1t3; thinkphp_show_page_trace=0|0',
  'accept-language' => 'zh-CN,zh;q=0.9',
  'accept-encoding' => 'gzip, deflate',
  'referer' => 'http://www.pishop.com/admin/article/index.html',
  'accept' => 'text/html,application/xhtml+xml,application/xml;q=0.9,image/webp,image/apng,*/*;q=0.8',
  'user-agent' => 'Mozilla/5.0 (Windows NT 10.0; WOW64) AppleWebKit/537.36 (KHTML, like Gecko) Chrome/67.0.3396.99 Safari/537.36',
  'upgrade-insecure-requests' => '1',
  'connection' => 'close',
  'host' => 'www.pishop.com',
)
[ info ] [ PARAM ] array (
  'uid' => 'undefined',
)
[ info ] [ SESSION ] INIT array (
  'id' => '',
  'var_session_id' => '',
  'prefix' => 'think',
  'type' => '',
  'auto_start' => true,
)
[ info ] [ RUN ] app\admin\controller\User->useredit[ C:\phpStudy\PHPTutorial\WWW\pishop\app\admin\controller\User.php ]
[ info ] [ DB ] INIT mysql
[ info ] [ VIEW ] C:\phpStudy\PHPTutorial\WWW\pishop\framework\thinkphp\tpl\dispatch_jump.tpl [ array (
  0 => 'code',
  1 => 'msg',
  2 => 'data',
  3 => 'url',
  4 => 'wait',
) ]
[ info ] [ LOG ] INIT File
[ sql ] [ DB ] CONNECT:[ UseTime:0.002019s ] mysql:host=127.0.0.1;port=3306;dbname=pishop;charset=utf8mb4
[ sql ] [ SQL ] SHOW COLUMNS FROM `pishop_user_level` [ RunTime:0.014956s ]
[ sql ] [ SQL ] SELECT * FROM `pishop_user_level` [ RunTime:0.000843s ]
[ sql ] [ SQL ] SHOW COLUMNS FROM `pishop_user` [ RunTime:0.016298s ]
[ sql ] [ SQL ] SELECT * FROM `pishop_user` WHERE (  `uid` = 0 ) AND `pishop_user`.`delete_time` IS NULL LIMIT 1 [ RunTime:0.000946s ]
---------------------------------------------------------------
[ 2018-09-06T22:16:13+08:00 ] 127.0.0.1 GET /admin/article/test
[ info ] www.pishop.com/admin/article/test [运行时间：0.089525s][吞吐率：11.17req/s] [内存消耗：2,057.13kb] [文件加载：59]
[ info ] [ BEHAVIOR ] Run pishop\behavior\InitHookBehavior @app_init [ RunTime:0.001501s ]
[ info ] [ LANG ] C:\phpStudy\PHPTutorial\WWW\pishop\framework\thinkphp\lang\zh-cn.php
[ info ] [ ROUTE ] array (
  'type' => 'module',
  'module' => 
  array (
    0 => 'admin',
    1 => 'article',
    2 => 'test',
  ),
)
[ info ] [ HEADER ] array (
  'cookie' => 'thinkphp_show_page_trace=0|4; Hm_lvt_b393d153aeb26b46e9431fabaf0f6190=1535433703,1536029218,1536044800,1536060987; PHPSESSID=s71r54qrkahvbgjfittkutt1t3; thinkphp_show_page_trace=0|0',
  'accept-language' => 'zh-CN,zh;q=0.9',
  'accept-encoding' => 'gzip, deflate',
  'accept' => 'text/html,application/xhtml+xml,application/xml;q=0.9,image/webp,image/apng,*/*;q=0.8',
  'user-agent' => 'Mozilla/5.0 (Windows NT 10.0; WOW64) AppleWebKit/537.36 (KHTML, like Gecko) Chrome/67.0.3396.99 Safari/537.36',
  'upgrade-insecure-requests' => '1',
  'connection' => 'close',
  'host' => 'www.pishop.com',
)
[ info ] [ PARAM ] array (
)
[ info ] [ SESSION ] INIT array (
  'id' => '',
  'var_session_id' => '',
  'prefix' => 'think',
  'type' => '',
  'auto_start' => true,
)
[ info ] [ RUN ] app\admin\controller\Article->test[ C:\phpStudy\PHPTutorial\WWW\pishop\app\admin\controller\Article.php ]
[ info ] [ LOG ] INIT File
[ error ] [8192]Non-static method think\Model::save() should not be called statically, assuming $this from incompatible context[C:\phpStudy\PHPTutorial\WWW\pishop\app\admin\controller\Article.php:186]
---------------------------------------------------------------
[ 2018-09-06T22:16:35+08:00 ] 127.0.0.1 GET /admin/article/test
[ info ] www.pishop.com/admin/article/test [运行时间：0.127124s][吞吐率：7.87req/s] [内存消耗：2,723.21kb] [文件加载：60]
[ info ] [ BEHAVIOR ] Run pishop\behavior\InitHookBehavior @app_init [ RunTime:0.000887s ]
[ info ] [ LANG ] C:\phpStudy\PHPTutorial\WWW\pishop\framework\thinkphp\lang\zh-cn.php
[ info ] [ ROUTE ] array (
  'type' => 'module',
  'module' => 
  array (
    0 => 'admin',
    1 => 'article',
    2 => 'test',
  ),
)
[ info ] [ HEADER ] array (
  'cookie' => 'thinkphp_show_page_trace=0|4; Hm_lvt_b393d153aeb26b46e9431fabaf0f6190=1535433703,1536029218,1536044800,1536060987; PHPSESSID=s71r54qrkahvbgjfittkutt1t3; thinkphp_show_page_trace=0|0',
  'accept-language' => 'zh-CN,zh;q=0.9',
  'accept-encoding' => 'gzip, deflate',
  'accept' => 'text/html,application/xhtml+xml,application/xml;q=0.9,image/webp,image/apng,*/*;q=0.8',
  'user-agent' => 'Mozilla/5.0 (Windows NT 10.0; WOW64) AppleWebKit/537.36 (KHTML, like Gecko) Chrome/67.0.3396.99 Safari/537.36',
  'upgrade-insecure-requests' => '1',
  'cache-control' => 'max-age=0',
  'connection' => 'close',
  'host' => 'www.pishop.com',
)
[ info ] [ PARAM ] array (
)
[ info ] [ SESSION ] INIT array (
  'id' => '',
  'var_session_id' => '',
  'prefix' => 'think',
  'type' => '',
  'auto_start' => true,
)
[ info ] [ RUN ] app\admin\controller\Article->test[ C:\phpStudy\PHPTutorial\WWW\pishop\app\admin\controller\Article.php ]
[ info ] [ DB ] INIT mysql
[ info ] [ LOG ] INIT File
[ sql ] [ DB ] CONNECT:[ UseTime:0.014337s ] mysql:host=127.0.0.1;port=3306;dbname=pishop;charset=utf8mb4
[ sql ] [ SQL ] SHOW COLUMNS FROM `pishop_auth_role` [ RunTime:0.016144s ]
[ sql ] [ SQL ] INSERT INTO `pishop_auth_role` (`title` , `status` , `create_time` , `update_time`) VALUES ('test' , 1 , 1536243395 , 1536243395) [ RunTime:0.010155s ]
---------------------------------------------------------------
[ 2018-09-06T22:17:03+08:00 ] 127.0.0.1 GET /admin/article/test
[ info ] www.pishop.com/admin/article/test [运行时间：0.059413s][吞吐率：16.83req/s] [内存消耗：1,449.91kb] [文件加载：47]
[ info ] [ BEHAVIOR ] Run pishop\behavior\InitHookBehavior @app_init [ RunTime:0.001281s ]
[ info ] [ LANG ] C:\phpStudy\PHPTutorial\WWW\pishop\framework\thinkphp\lang\zh-cn.php
[ info ] [ ROUTE ] array (
  'type' => 'module',
  'module' => 
  array (
    0 => 'admin',
    1 => 'article',
    2 => 'test',
  ),
)
[ info ] [ HEADER ] array (
  'cookie' => 'thinkphp_show_page_trace=0|4; Hm_lvt_b393d153aeb26b46e9431fabaf0f6190=1535433703,1536029218,1536044800,1536060987; PHPSESSID=s71r54qrkahvbgjfittkutt1t3; thinkphp_show_page_trace=0|0',
  'accept-language' => 'zh-CN,zh;q=0.9',
  'accept-encoding' => 'gzip, deflate',
  'accept' => 'text/html,application/xhtml+xml,application/xml;q=0.9,image/webp,image/apng,*/*;q=0.8',
  'user-agent' => 'Mozilla/5.0 (Windows NT 10.0; WOW64) AppleWebKit/537.36 (KHTML, like Gecko) Chrome/67.0.3396.99 Safari/537.36',
  'upgrade-insecure-requests' => '1',
  'cache-control' => 'max-age=0',
  'connection' => 'close',
  'host' => 'www.pishop.com',
)
[ info ] [ PARAM ] array (
)
[ info ] [ LOG ] INIT File
[ error ] [4]语法错误: unexpected ''title'' (T_CONSTANT_ENCAPSED_STRING), expecting ']'[C:\phpStudy\PHPTutorial\WWW\pishop\app\admin\controller\Article.php:183]
---------------------------------------------------------------
[ 2018-09-06T22:17:11+08:00 ] 127.0.0.1 GET /admin/article/test
[ info ] www.pishop.com/admin/article/test [运行时间：0.148349s][吞吐率：6.74req/s] [内存消耗：2,764.82kb] [文件加载：65]
[ info ] [ BEHAVIOR ] Run pishop\behavior\InitHookBehavior @app_init [ RunTime:0.001110s ]
[ info ] [ LANG ] C:\phpStudy\PHPTutorial\WWW\pishop\framework\thinkphp\lang\zh-cn.php
[ info ] [ ROUTE ] array (
  'type' => 'module',
  'module' => 
  array (
    0 => 'admin',
    1 => 'article',
    2 => 'test',
  ),
)
[ info ] [ HEADER ] array (
  'cookie' => 'thinkphp_show_page_trace=0|4; Hm_lvt_b393d153aeb26b46e9431fabaf0f6190=1535433703,1536029218,1536044800,1536060987; PHPSESSID=s71r54qrkahvbgjfittkutt1t3; thinkphp_show_page_trace=0|0',
  'accept-language' => 'zh-CN,zh;q=0.9',
  'accept-encoding' => 'gzip, deflate',
  'accept' => 'text/html,application/xhtml+xml,application/xml;q=0.9,image/webp,image/apng,*/*;q=0.8',
  'user-agent' => 'Mozilla/5.0 (Windows NT 10.0; WOW64) AppleWebKit/537.36 (KHTML, like Gecko) Chrome/67.0.3396.99 Safari/537.36',
  'upgrade-insecure-requests' => '1',
  'cache-control' => 'max-age=0',
  'connection' => 'close',
  'host' => 'www.pishop.com',
)
[ info ] [ PARAM ] array (
)
[ info ] [ SESSION ] INIT array (
  'id' => '',
  'var_session_id' => '',
  'prefix' => 'think',
  'type' => '',
  'auto_start' => true,
)
[ info ] [ RUN ] app\admin\controller\Article->test[ C:\phpStudy\PHPTutorial\WWW\pishop\app\admin\controller\Article.php ]
[ info ] [ DB ] INIT mysql
[ info ] [ LOG ] INIT File
[ sql ] [ DB ] CONNECT:[ UseTime:0.001273s ] mysql:host=127.0.0.1;port=3306;dbname=pishop;charset=utf8mb4
[ sql ] [ SQL ] SHOW COLUMNS FROM `pishop_auth_role` [ RunTime:0.011155s ]
[ error ] [10501]SQLSTATE[23000]: Integrity constraint violation: 1062 Duplicate entry '5' for key 'PRIMARY'[C:\phpStudy\PHPTutorial\WWW\pishop\framework\thinkphp\library\think\db\Connection.php:456]
---------------------------------------------------------------
[ 2018-09-06T22:17:49+08:00 ] 127.0.0.1 GET /admin/article/test
[ info ] www.pishop.com/admin/article/test [运行时间：0.172260s][吞吐率：5.81req/s] [内存消耗：2,784.45kb] [文件加载：62]
[ info ] [ BEHAVIOR ] Run pishop\behavior\InitHookBehavior @app_init [ RunTime:0.001440s ]
[ info ] [ LANG ] C:\phpStudy\PHPTutorial\WWW\pishop\framework\thinkphp\lang\zh-cn.php
[ info ] [ ROUTE ] array (
  'type' => 'module',
  'module' => 
  array (
    0 => 'admin',
    1 => 'article',
    2 => 'test',
  ),
)
[ info ] [ HEADER ] array (
  'cookie' => 'thinkphp_show_page_trace=0|4; Hm_lvt_b393d153aeb26b46e9431fabaf0f6190=1535433703,1536029218,1536044800,1536060987; PHPSESSID=s71r54qrkahvbgjfittkutt1t3; thinkphp_show_page_trace=0|0',
  'accept-language' => 'zh-CN,zh;q=0.9',
  'accept-encoding' => 'gzip, deflate',
  'accept' => 'text/html,application/xhtml+xml,application/xml;q=0.9,image/webp,image/apng,*/*;q=0.8',
  'user-agent' => 'Mozilla/5.0 (Windows NT 10.0; WOW64) AppleWebKit/537.36 (KHTML, like Gecko) Chrome/67.0.3396.99 Safari/537.36',
  'upgrade-insecure-requests' => '1',
  'cache-control' => 'max-age=0',
  'connection' => 'close',
  'host' => 'www.pishop.com',
)
[ info ] [ PARAM ] array (
)
[ info ] [ SESSION ] INIT array (
  'id' => '',
  'var_session_id' => '',
  'prefix' => 'think',
  'type' => '',
  'auto_start' => true,
)
[ info ] [ RUN ] app\admin\controller\Article->test[ C:\phpStudy\PHPTutorial\WWW\pishop\app\admin\controller\Article.php ]
[ info ] [ DB ] INIT mysql
[ info ] [ CACHE ] INIT File
[ info ] [ LOG ] INIT File
[ sql ] [ DB ] CONNECT:[ UseTime:0.011547s ] mysql:host=127.0.0.1;port=3306;dbname=pishop;charset=utf8mb4
[ sql ] [ SQL ] SHOW COLUMNS FROM `pishop_auth_role` [ RunTime:0.008247s ]
[ sql ] [ SQL ] UPDATE `pishop_auth_role`  SET `title`='test888',`status`=1,`update_time`=1536243469  WHERE  `roid` = 5 [ RunTime:0.048753s ]
---------------------------------------------------------------
[ 2018-09-06T22:51:44+08:00 ] 127.0.0.1 GET /admin/admin/index.html
[ info ] www.pishop.com/admin/admin/index.html [运行时间：0.231573s][吞吐率：4.32req/s] [内存消耗：3,221.53kb] [文件加载：72]
[ info ] [ BEHAVIOR ] Run pishop\behavior\InitHookBehavior @app_init [ RunTime:0.001150s ]
[ info ] [ LANG ] C:\phpStudy\PHPTutorial\WWW\pishop\framework\thinkphp\lang\zh-cn.php
[ info ] [ ROUTE ] array (
  'type' => 'module',
  'module' => 
  array (
    0 => 'admin',
    1 => 'admin',
    2 => 'index',
  ),
)
[ info ] [ HEADER ] array (
  'cookie' => 'thinkphp_show_page_trace=0|0; Hm_lvt_b393d153aeb26b46e9431fabaf0f6190=1535433703,1536029218,1536044800,1536060987; PHPSESSID=s71r54qrkahvbgjfittkutt1t3; thinkphp_show_page_trace=0|0',
  'accept-language' => 'zh-CN,zh;q=0.9',
  'accept-encoding' => 'gzip, deflate',
  'referer' => 'http://www.pishop.com/admin/index/index.html',
  'accept' => 'text/html,application/xhtml+xml,application/xml;q=0.9,image/webp,image/apng,*/*;q=0.8',
  'user-agent' => 'Mozilla/5.0 (Windows NT 10.0; WOW64) AppleWebKit/537.36 (KHTML, like Gecko) Chrome/67.0.3396.99 Safari/537.36',
  'upgrade-insecure-requests' => '1',
  'cache-control' => 'max-age=0',
  'connection' => 'close',
  'host' => 'www.pishop.com',
)
[ info ] [ PARAM ] array (
)
[ info ] [ SESSION ] INIT array (
  'id' => '',
  'var_session_id' => '',
  'prefix' => 'think',
  'type' => '',
  'auto_start' => true,
)
[ info ] [ RUN ] app\admin\controller\Admin->index[ C:\phpStudy\PHPTutorial\WWW\pishop\app\admin\controller\Admin.php ]
[ info ] [ DB ] INIT mysql
[ info ] [ VIEW ] C:\phpStudy\PHPTutorial\WWW\pishop/./app/admin\view\admin\index.html [ array (
  0 => 'admins',
) ]
[ info ] [ LOG ] INIT File
[ sql ] [ DB ] CONNECT:[ UseTime:0.001833s ] mysql:host=127.0.0.1;port=3306;dbname=pishop;charset=utf8mb4
[ sql ] [ SQL ] SHOW COLUMNS FROM `pishop_user` [ RunTime:0.041730s ]
[ sql ] [ SQL ] SELECT COUNT(*) AS tp_count FROM `pishop_user` WHERE (  `type` = 1 ) AND `pishop_user`.`delete_time` IS NULL LIMIT 1 [ RunTime:0.001208s ]
[ sql ] [ SQL ] SELECT * FROM `pishop_user` WHERE (  `type` = 1 ) AND `pishop_user`.`delete_time` IS NULL LIMIT 0,10 [ RunTime:0.001553s ]
[ sql ] [ SQL ] SHOW COLUMNS FROM `pishop_auth_role_user` [ RunTime:0.016663s ]
[ sql ] [ SQL ] SHOW COLUMNS FROM `pishop_auth_role` [ RunTime:0.016214s ]
[ sql ] [ SQL ] SELECT `pishop_auth_role`.*,pivot.uid AS pivot__uid,pivot.roid AS pivot__roid FROM `pishop_auth_role` INNER JOIN `pishop_auth_role_user` `pivot` ON `pivot`.`roid`=`pishop_auth_role`.`roid` WHERE (  `pivot`.`uid` = 1 ) AND `pishop_auth_role`.`delete_time` IS NULL [ RunTime:0.001215s ]
[ sql ] [ SQL ] SELECT `pishop_auth_role`.*,pivot.uid AS pivot__uid,pivot.roid AS pivot__roid FROM `pishop_auth_role` INNER JOIN `pishop_auth_role_user` `pivot` ON `pivot`.`roid`=`pishop_auth_role`.`roid` WHERE (  `pivot`.`uid` = 19 ) AND `pishop_auth_role`.`delete_time` IS NULL [ RunTime:0.001266s ]
